device = mps
train samples = 156965
dev samples = 73152
trainable params = 4,484,929
loss type = bce
lr scheduler = ReduceLROnPlateau(mode=min, factor=0.5, patience=1, min_lr=1e-06)
wandb run name = bce-balanced-0404-2243
wandb url = https://wandb.ai/15661383504-jd/mind/runs/7avpd563
[epoch 1] step 200 train_loss=0.5864
[epoch 1] step 400 train_loss=0.5828
[epoch 1] step 600 train_loss=0.5771
[epoch 1] step 800 train_loss=0.5755
[epoch 1] step 1000 train_loss=0.5728
[epoch 1] step 1200 train_loss=0.5724
[epoch 1] step 1400 train_loss=0.5712
[epoch 1] step 1600 train_loss=0.5693
[epoch 1] step 1800 train_loss=0.5679
[epoch 1] step 2000 train_loss=0.5668
[epoch 1] step 2200 train_loss=0.5659
[epoch 1] step 2400 train_loss=0.5653
[epoch 1] step 2600 train_loss=0.5642
[epoch 1] step 2800 train_loss=0.5632
[epoch 1] step 3000 train_loss=0.5625
[epoch 1] step 3200 train_loss=0.5621
[epoch 1] step 3400 train_loss=0.5612
[epoch 1] step 3600 train_loss=0.5607
[epoch 1] step 3800 train_loss=0.5603
[epoch 1] step 4000 train_loss=0.5601
[epoch 1] step 4200 train_loss=0.5593
[epoch 1] step 4400 train_loss=0.5589
[epoch 1] step 4600 train_loss=0.5585
[epoch 1] step 4800 train_loss=0.5583
[epoch 1] step 5000 train_loss=0.5577
[epoch 1] step 5200 train_loss=0.5570
[epoch 1] step 5400 train_loss=0.5569
[epoch 1] step 5600 train_loss=0.5566
[epoch 1] step 5800 train_loss=0.5562
[epoch 1] step 6000 train_loss=0.5558
[epoch 1] step 6200 train_loss=0.5554
[epoch 1] step 6400 train_loss=0.5553
[epoch 1] step 6600 train_loss=0.5552
[epoch 1] step 6800 train_loss=0.5549
[epoch 1] step 7000 train_loss=0.5547
[epoch 1] step 7200 train_loss=0.5542
[epoch 1] step 7400 train_loss=0.5540
[epoch 1] step 7600 train_loss=0.5538
[epoch 1] step 7800 train_loss=0.5534
[epoch 1] step 8000 train_loss=0.5533
[epoch 1] step 8200 train_loss=0.5531
[epoch 1] step 8400 train_loss=0.5529
[epoch 1] step 8600 train_loss=0.5526
[epoch 1] step 8800 train_loss=0.5523
[epoch 1] step 9000 train_loss=0.5520
[epoch 1] step 9200 train_loss=0.5519
[epoch 1] step 9400 train_loss=0.5518
[epoch 1] step 9600 train_loss=0.5517
[epoch 1] step 9800 train_loss=0.5514
[epoch 1] step 10000 train_loss=0.5513
[epoch 1] step 10200 train_loss=0.5512
[epoch 1] step 10400 train_loss=0.5509
[epoch 1] step 10600 train_loss=0.5508
[epoch 1] step 10800 train_loss=0.5507
[epoch 1] step 11000 train_loss=0.5506
[epoch 1] step 11200 train_loss=0.5504
[epoch 1] step 11400 train_loss=0.5502
[epoch 1] step 11600 train_loss=0.5500
[epoch 1] step 11800 train_loss=0.5499
[epoch 1] step 12000 train_loss=0.5495
[epoch 1] step 12200 train_loss=0.5493
[epoch 1] step 12400 train_loss=0.5491
[epoch 1] step 12600 train_loss=0.5490
[epoch 1] step 12800 train_loss=0.5489
[epoch 1] step 13000 train_loss=0.5487
[epoch 1] step 13200 train_loss=0.5486
[epoch 1] step 13400 train_loss=0.5485
[epoch 1] step 13600 train_loss=0.5484
[epoch 1] step 13800 train_loss=0.5483
[epoch 1] step 14000 train_loss=0.5481
[epoch 1] step 14200 train_loss=0.5479
[epoch 1] step 14400 train_loss=0.5478
[epoch 1] step 14600 train_loss=0.5476
[epoch 1] step 14800 train_loss=0.5477
[epoch 1] step 15000 train_loss=0.5476
[epoch 1] step 15200 train_loss=0.5474
[epoch 1] step 15400 train_loss=0.5472
[epoch 1] step 15600 train_loss=0.5472
[epoch 1] step 15800 train_loss=0.5471
[epoch 1] step 16000 train_loss=0.5471
[epoch 1] step 16200 train_loss=0.5471
[epoch 1] step 16400 train_loss=0.5469
[epoch 1] step 16600 train_loss=0.5467
[epoch 1] step 16800 train_loss=0.5466
[epoch 1] step 17000 train_loss=0.5465
[epoch 1] step 17200 train_loss=0.5464
[epoch 1] step 17400 train_loss=0.5463
[epoch 1] step 17600 train_loss=0.5462
[epoch 1] step 17800 train_loss=0.5461
[epoch 1] step 18000 train_loss=0.5460
[epoch 1] step 18200 train_loss=0.5459
[epoch 1] step 18400 train_loss=0.5458
[epoch 1] step 18600 train_loss=0.5457
[epoch 1] step 18800 train_loss=0.5457
[epoch 1] step 19000 train_loss=0.5457
[epoch 1] step 19200 train_loss=0.5455
[epoch 1] step 19400 train_loss=0.5455
[epoch 1] step 19600 train_loss=0.5453
[epoch 1] step 19621 train_loss=0.5453
[epoch 1] train_loss=0.5453 dev_loss=0.3806 AUC=0.6455 MRR=0.3560 nDCG@5=0.3381 nDCG@10=0.3998 BrierScore=0.1109 Recall@10=0.6534 selection_score=0.1999
[epoch 1] lr=0.0005
saved best checkpoint to outputs/baseline_best.pt
[epoch 2] step 200 train_loss=0.5372
[epoch 2] step 400 train_loss=0.5363
[epoch 2] step 600 train_loss=0.5358
[epoch 2] step 800 train_loss=0.5337
[epoch 2] step 1000 train_loss=0.5338
[epoch 2] step 1200 train_loss=0.5328
[epoch 2] step 1400 train_loss=0.5330
[epoch 2] step 1600 train_loss=0.5331
[epoch 2] step 1800 train_loss=0.5325
[epoch 2] step 2000 train_loss=0.5333
[epoch 2] step 2200 train_loss=0.5330
[epoch 2] step 2400 train_loss=0.5333
[epoch 2] step 2600 train_loss=0.5334
[epoch 2] step 2800 train_loss=0.5334
[epoch 2] step 3000 train_loss=0.5337
[epoch 2] step 3200 train_loss=0.5332
[epoch 2] step 3400 train_loss=0.5331
[epoch 2] step 3600 train_loss=0.5326
[epoch 2] step 3800 train_loss=0.5324
[epoch 2] step 4000 train_loss=0.5321
[epoch 2] step 4200 train_loss=0.5318
[epoch 2] step 4400 train_loss=0.5318
[epoch 2] step 4600 train_loss=0.5315
[epoch 2] step 4800 train_loss=0.5312
[epoch 2] step 5000 train_loss=0.5310
[epoch 2] step 5200 train_loss=0.5311
[epoch 2] step 5400 train_loss=0.5311
[epoch 2] step 5600 train_loss=0.5309
[epoch 2] step 5800 train_loss=0.5312
[epoch 2] step 6000 train_loss=0.5312
[epoch 2] step 6200 train_loss=0.5314
[epoch 2] step 6400 train_loss=0.5315
[epoch 2] step 6600 train_loss=0.5318
[epoch 2] step 6800 train_loss=0.5317
[epoch 2] step 7000 train_loss=0.5315
[epoch 2] step 7200 train_loss=0.5316
[epoch 2] step 7400 train_loss=0.5315
[epoch 2] step 7600 train_loss=0.5316
[epoch 2] step 7800 train_loss=0.5314
[epoch 2] step 8000 train_loss=0.5315
[epoch 2] step 8200 train_loss=0.5313
[epoch 2] step 8400 train_loss=0.5313
[epoch 2] step 8600 train_loss=0.5311
[epoch 2] step 8800 train_loss=0.5311
[epoch 2] step 9000 train_loss=0.5310
[epoch 2] step 9200 train_loss=0.5308
[epoch 2] step 9400 train_loss=0.5307
[epoch 2] step 9600 train_loss=0.5308
[epoch 2] step 9800 train_loss=0.5308
[epoch 2] step 10000 train_loss=0.5308
[epoch 2] step 10200 train_loss=0.5309
[epoch 2] step 10400 train_loss=0.5308
[epoch 2] step 10600 train_loss=0.5308
[epoch 2] step 10800 train_loss=0.5309
[epoch 2] step 11000 train_loss=0.5309
[epoch 2] step 11200 train_loss=0.5309
[epoch 2] step 11400 train_loss=0.5308
[epoch 2] step 11600 train_loss=0.5308
[epoch 2] step 11800 train_loss=0.5308
[epoch 2] step 12000 train_loss=0.5307
[epoch 2] step 12200 train_loss=0.5305
[epoch 2] step 12400 train_loss=0.5305
[epoch 2] step 12600 train_loss=0.5305
[epoch 2] step 12800 train_loss=0.5304
[epoch 2] step 13000 train_loss=0.5304
[epoch 2] step 13200 train_loss=0.5302
[epoch 2] step 13400 train_loss=0.5302
[epoch 2] step 13600 train_loss=0.5301
[epoch 2] step 13800 train_loss=0.5300
[epoch 2] step 14000 train_loss=0.5298
[epoch 2] step 14200 train_loss=0.5297
[epoch 2] step 14400 train_loss=0.5297
[epoch 2] step 14600 train_loss=0.5296
[epoch 2] step 14800 train_loss=0.5297
[epoch 2] step 15000 train_loss=0.5297
[epoch 2] step 15200 train_loss=0.5297
[epoch 2] step 15400 train_loss=0.5297
[epoch 2] step 15600 train_loss=0.5298
[epoch 2] step 15800 train_loss=0.5297
[epoch 2] step 16000 train_loss=0.5296
[epoch 2] step 16200 train_loss=0.5296
[epoch 2] step 16400 train_loss=0.5296
[epoch 2] step 16600 train_loss=0.5296
[epoch 2] step 16800 train_loss=0.5296
[epoch 2] step 17000 train_loss=0.5295
[epoch 2] step 17200 train_loss=0.5295
[epoch 2] step 17400 train_loss=0.5295
[epoch 2] step 17600 train_loss=0.5295
[epoch 2] step 17800 train_loss=0.5295
[epoch 2] step 18000 train_loss=0.5295
[epoch 2] step 18200 train_loss=0.5295
[epoch 2] step 18400 train_loss=0.5294
[epoch 2] step 18600 train_loss=0.5295
[epoch 2] step 18800 train_loss=0.5295
[epoch 2] step 19000 train_loss=0.5294
[epoch 2] step 19200 train_loss=0.5293
[epoch 2] step 19400 train_loss=0.5294
[epoch 2] step 19600 train_loss=0.5294
[epoch 2] step 19621 train_loss=0.5294
[epoch 2] train_loss=0.5294 dev_loss=0.3730 AUC=0.6531 MRR=0.3619 nDCG@5=0.3436 nDCG@10=0.4065 BrierScore=0.1094 Recall@10=0.6643 selection_score=0.2032
[epoch 2] lr=0.0005
saved best checkpoint to outputs/baseline_best.pt
[epoch 3] step 200 train_loss=0.5183
[epoch 3] step 400 train_loss=0.5184
[epoch 3] step 600 train_loss=0.5164
[epoch 3] step 800 train_loss=0.5172
[epoch 3] step 1000 train_loss=0.5179
[epoch 3] step 1200 train_loss=0.5191
[epoch 3] step 1400 train_loss=0.5199
[epoch 3] step 1600 train_loss=0.5200
[epoch 3] step 1800 train_loss=0.5206
[epoch 3] step 2000 train_loss=0.5207
[epoch 3] step 2200 train_loss=0.5208
[epoch 3] step 2400 train_loss=0.5214
[epoch 3] step 2600 train_loss=0.5212
[epoch 3] step 2800 train_loss=0.5209
[epoch 3] step 3000 train_loss=0.5211
[epoch 3] step 3200 train_loss=0.5214
[epoch 3] step 3400 train_loss=0.5212
[epoch 3] step 3600 train_loss=0.5211
[epoch 3] step 3800 train_loss=0.5215
[epoch 3] step 4000 train_loss=0.5216
[epoch 3] step 4200 train_loss=0.5219
[epoch 3] step 4400 train_loss=0.5218
[epoch 3] step 4600 train_loss=0.5218
[epoch 3] step 4800 train_loss=0.5224
[epoch 3] step 5000 train_loss=0.5225
[epoch 3] step 5200 train_loss=0.5226
[epoch 3] step 5400 train_loss=0.5224
[epoch 3] step 5600 train_loss=0.5220
[epoch 3] step 5800 train_loss=0.5217
[epoch 3] step 6000 train_loss=0.5217
[epoch 3] step 6200 train_loss=0.5217
[epoch 3] step 6400 train_loss=0.5216
[epoch 3] step 6600 train_loss=0.5216
[epoch 3] step 6800 train_loss=0.5215
[epoch 3] step 7000 train_loss=0.5216
[epoch 3] step 7200 train_loss=0.5216
[epoch 3] step 7400 train_loss=0.5216
[epoch 3] step 7600 train_loss=0.5216
[epoch 3] step 7800 train_loss=0.5216
[epoch 3] step 8000 train_loss=0.5216
[epoch 3] step 8200 train_loss=0.5217
[epoch 3] step 8400 train_loss=0.5216
[epoch 3] step 8600 train_loss=0.5217
[epoch 3] step 8800 train_loss=0.5219
[epoch 3] step 9000 train_loss=0.5220
[epoch 3] step 9200 train_loss=0.5220
[epoch 3] step 9400 train_loss=0.5219
[epoch 3] step 9600 train_loss=0.5218
[epoch 3] step 9800 train_loss=0.5219
[epoch 3] step 10000 train_loss=0.5219
[epoch 3] step 10200 train_loss=0.5220
[epoch 3] step 10400 train_loss=0.5221
[epoch 3] step 10600 train_loss=0.5220
[epoch 3] step 10800 train_loss=0.5220
[epoch 3] step 11000 train_loss=0.5219
[epoch 3] step 11200 train_loss=0.5219
[epoch 3] step 11400 train_loss=0.5219
[epoch 3] step 11600 train_loss=0.5219
[epoch 3] step 11800 train_loss=0.5218
[epoch 3] step 12000 train_loss=0.5218
[epoch 3] step 12200 train_loss=0.5218
[epoch 3] step 12400 train_loss=0.5217
[epoch 3] step 12600 train_loss=0.5218
[epoch 3] step 12800 train_loss=0.5217
[epoch 3] step 13000 train_loss=0.5216
[epoch 3] step 13200 train_loss=0.5216
[epoch 3] step 13400 train_loss=0.5215
[epoch 3] step 13600 train_loss=0.5214
[epoch 3] step 13800 train_loss=0.5214
[epoch 3] step 14000 train_loss=0.5214
[epoch 3] step 14200 train_loss=0.5215
[epoch 3] step 14400 train_loss=0.5215
[epoch 3] step 14600 train_loss=0.5215
[epoch 3] step 14800 train_loss=0.5215
[epoch 3] step 15000 train_loss=0.5215
[epoch 3] step 15200 train_loss=0.5215
[epoch 3] step 15400 train_loss=0.5216
[epoch 3] step 15600 train_loss=0.5217
[epoch 3] step 15800 train_loss=0.5217
[epoch 3] step 16000 train_loss=0.5216
[epoch 3] step 16200 train_loss=0.5216
[epoch 3] step 16400 train_loss=0.5215
[epoch 3] step 16600 train_loss=0.5215
[epoch 3] step 16800 train_loss=0.5216
[epoch 3] step 17000 train_loss=0.5216
[epoch 3] step 17200 train_loss=0.5216
[epoch 3] step 17400 train_loss=0.5216
[epoch 3] step 17600 train_loss=0.5215
[epoch 3] step 17800 train_loss=0.5215
[epoch 3] step 18000 train_loss=0.5215
[epoch 3] step 18200 train_loss=0.5215
[epoch 3] step 18400 train_loss=0.5215
[epoch 3] step 18600 train_loss=0.5215
[epoch 3] step 18800 train_loss=0.5214
[epoch 3] step 19000 train_loss=0.5215
[epoch 3] step 19200 train_loss=0.5216
[epoch 3] step 19400 train_loss=0.5215
[epoch 3] step 19600 train_loss=0.5214
[epoch 3] step 19621 train_loss=0.5214
[epoch 3] train_loss=0.5214 dev_loss=0.3713 AUC=0.6540 MRR=0.3606 nDCG@5=0.3427 nDCG@10=0.4053 BrierScore=0.1078 Recall@10=0.6636 selection_score=0.2026
[epoch 3] lr=0.0005
early stopping monitor: 1/10 epochs without selection_score improvement > 0.0010
[epoch 4] step 200 train_loss=0.5110
[epoch 4] step 400 train_loss=0.5144
[epoch 4] step 600 train_loss=0.5132
[epoch 4] step 800 train_loss=0.5128
[epoch 4] step 1000 train_loss=0.5140
[epoch 4] step 1200 train_loss=0.5141
[epoch 4] step 1400 train_loss=0.5134
[epoch 4] step 1600 train_loss=0.5145
[epoch 4] step 1800 train_loss=0.5138
[epoch 4] step 2000 train_loss=0.5134
[epoch 4] step 2200 train_loss=0.5131
[epoch 4] step 2400 train_loss=0.5132
[epoch 4] step 2600 train_loss=0.5135
[epoch 4] step 2800 train_loss=0.5136
[epoch 4] step 3000 train_loss=0.5133
[epoch 4] step 3200 train_loss=0.5138
[epoch 4] step 3400 train_loss=0.5139
[epoch 4] step 3600 train_loss=0.5140
[epoch 4] step 3800 train_loss=0.5141
[epoch 4] step 4000 train_loss=0.5139
[epoch 4] step 4200 train_loss=0.5139
[epoch 4] step 4400 train_loss=0.5140
[epoch 4] step 4600 train_loss=0.5143
[epoch 4] step 4800 train_loss=0.5140
[epoch 4] step 5000 train_loss=0.5139
[epoch 4] step 5200 train_loss=0.5140
[epoch 4] step 5400 train_loss=0.5138
[epoch 4] step 5600 train_loss=0.5141
[epoch 4] step 5800 train_loss=0.5144
[epoch 4] step 6000 train_loss=0.5141
[epoch 4] step 6200 train_loss=0.5142
[epoch 4] step 6400 train_loss=0.5141
[epoch 4] step 6600 train_loss=0.5142
[epoch 4] step 6800 train_loss=0.5143
[epoch 4] step 7000 train_loss=0.5141
[epoch 4] step 7200 train_loss=0.5142
[epoch 4] step 7400 train_loss=0.5144
[epoch 4] step 7600 train_loss=0.5144
[epoch 4] step 7800 train_loss=0.5144
[epoch 4] step 8000 train_loss=0.5142
[epoch 4] step 8200 train_loss=0.5142
[epoch 4] step 8400 train_loss=0.5142
[epoch 4] step 8600 train_loss=0.5143
[epoch 4] step 8800 train_loss=0.5144
[epoch 4] step 9000 train_loss=0.5143
[epoch 4] step 9200 train_loss=0.5145
[epoch 4] step 9400 train_loss=0.5144
[epoch 4] step 9600 train_loss=0.5143
[epoch 4] step 9800 train_loss=0.5142
[epoch 4] step 10000 train_loss=0.5142
[epoch 4] step 10200 train_loss=0.5142
[epoch 4] step 10400 train_loss=0.5144
[epoch 4] step 10600 train_loss=0.5144
[epoch 4] step 10800 train_loss=0.5142
[epoch 4] step 11000 train_loss=0.5144
[epoch 4] step 11200 train_loss=0.5147
[epoch 4] step 11400 train_loss=0.5147
[epoch 4] step 11600 train_loss=0.5147
[epoch 4] step 11800 train_loss=0.5146
[epoch 4] step 12000 train_loss=0.5147
[epoch 4] step 12200 train_loss=0.5148
[epoch 4] step 12400 train_loss=0.5147
[epoch 4] step 12600 train_loss=0.5148
[epoch 4] step 12800 train_loss=0.5148
[epoch 4] step 13000 train_loss=0.5148
[epoch 4] step 13200 train_loss=0.5147
[epoch 4] step 13400 train_loss=0.5148
[epoch 4] step 13600 train_loss=0.5149
[epoch 4] step 13800 train_loss=0.5148
[epoch 4] step 14000 train_loss=0.5148
[epoch 4] step 14200 train_loss=0.5149
[epoch 4] step 14400 train_loss=0.5149
[epoch 4] step 14600 train_loss=0.5148
[epoch 4] step 14800 train_loss=0.5148
[epoch 4] step 15000 train_loss=0.5148
[epoch 4] step 15200 train_loss=0.5147
[epoch 4] step 15400 train_loss=0.5147
[epoch 4] step 15600 train_loss=0.5147
[epoch 4] step 15800 train_loss=0.5147
[epoch 4] step 16000 train_loss=0.5147
[epoch 4] step 16200 train_loss=0.5147
[epoch 4] step 16400 train_loss=0.5148
[epoch 4] step 16600 train_loss=0.5147
[epoch 4] step 16800 train_loss=0.5148
[epoch 4] step 17000 train_loss=0.5150
[epoch 4] step 17200 train_loss=0.5150
[epoch 4] step 17400 train_loss=0.5151
[epoch 4] step 17600 train_loss=0.5151
[epoch 4] step 17800 train_loss=0.5152
[epoch 4] step 18000 train_loss=0.5152
[epoch 4] step 18200 train_loss=0.5152
[epoch 4] step 18400 train_loss=0.5152
[epoch 4] step 18600 train_loss=0.5151
[epoch 4] step 18800 train_loss=0.5152
[epoch 4] step 19000 train_loss=0.5153
[epoch 4] step 19200 train_loss=0.5153
[epoch 4] step 19400 train_loss=0.5153
[epoch 4] step 19600 train_loss=0.5153
[epoch 4] step 19621 train_loss=0.5153
[epoch 4] train_loss=0.5153 dev_loss=0.3851 AUC=0.6490 MRR=0.3560 nDCG@5=0.3368 nDCG@10=0.4007 BrierScore=0.1166 Recall@10=0.6601 selection_score=0.2004
[epoch 4] lr=0.0005
early stopping monitor: 2/10 epochs without selection_score improvement > 0.0010
[epoch 5] step 200 train_loss=0.5101
[epoch 5] step 400 train_loss=0.5088
[epoch 5] step 600 train_loss=0.5098
[epoch 5] step 800 train_loss=0.5092
[epoch 5] step 1000 train_loss=0.5073
[epoch 5] step 1200 train_loss=0.5078
[epoch 5] step 1400 train_loss=0.5073
[epoch 5] step 1600 train_loss=0.5081
[epoch 5] step 1800 train_loss=0.5082
[epoch 5] step 2000 train_loss=0.5075
[epoch 5] step 2200 train_loss=0.5078
[epoch 5] step 2400 train_loss=0.5081
[epoch 5] step 2600 train_loss=0.5081
[epoch 5] step 2800 train_loss=0.5077
[epoch 5] step 3000 train_loss=0.5077
[epoch 5] step 3200 train_loss=0.5077
[epoch 5] step 3400 train_loss=0.5084
[epoch 5] step 3600 train_loss=0.5084
[epoch 5] step 3800 train_loss=0.5085
[epoch 5] step 4000 train_loss=0.5083
[epoch 5] step 4200 train_loss=0.5081
[epoch 5] step 4400 train_loss=0.5081
[epoch 5] step 4600 train_loss=0.5080
[epoch 5] step 4800 train_loss=0.5079
[epoch 5] step 5000 train_loss=0.5079
[epoch 5] step 5200 train_loss=0.5084
[epoch 5] step 5400 train_loss=0.5082
[epoch 5] step 5600 train_loss=0.5082
[epoch 5] step 5800 train_loss=0.5088
[epoch 5] step 6000 train_loss=0.5089
[epoch 5] step 6200 train_loss=0.5090
[epoch 5] step 6400 train_loss=0.5089
[epoch 5] step 6600 train_loss=0.5091
[epoch 5] step 6800 train_loss=0.5090
[epoch 5] step 7000 train_loss=0.5093
[epoch 5] step 7200 train_loss=0.5096
[epoch 5] step 7400 train_loss=0.5092
[epoch 5] step 7600 train_loss=0.5092
[epoch 5] step 7800 train_loss=0.5092
[epoch 5] step 8000 train_loss=0.5093
[epoch 5] step 8200 train_loss=0.5092
[epoch 5] step 8400 train_loss=0.5093
[epoch 5] step 8600 train_loss=0.5093
[epoch 5] step 8800 train_loss=0.5093
[epoch 5] step 9000 train_loss=0.5092
[epoch 5] step 9200 train_loss=0.5091
[epoch 5] step 9400 train_loss=0.5092
[epoch 5] step 9600 train_loss=0.5091
[epoch 5] step 9800 train_loss=0.5091
[epoch 5] step 10000 train_loss=0.5090
[epoch 5] step 10200 train_loss=0.5090
[epoch 5] step 10400 train_loss=0.5090
[epoch 5] step 10600 train_loss=0.5089
[epoch 5] step 10800 train_loss=0.5088
[epoch 5] step 11000 train_loss=0.5088
[epoch 5] step 11200 train_loss=0.5088
[epoch 5] step 11400 train_loss=0.5087
[epoch 5] step 11600 train_loss=0.5085
[epoch 5] step 11800 train_loss=0.5085
[epoch 5] step 12000 train_loss=0.5085
[epoch 5] step 12200 train_loss=0.5085
[epoch 5] step 12400 train_loss=0.5086
[epoch 5] step 12600 train_loss=0.5087
[epoch 5] step 12800 train_loss=0.5087
[epoch 5] step 13000 train_loss=0.5087
[epoch 5] step 13200 train_loss=0.5087
[epoch 5] step 13400 train_loss=0.5088
[epoch 5] step 13600 train_loss=0.5089
[epoch 5] step 13800 train_loss=0.5088
[epoch 5] step 14000 train_loss=0.5089
[epoch 5] step 14200 train_loss=0.5088
[epoch 5] step 14400 train_loss=0.5089
[epoch 5] step 14600 train_loss=0.5090
[epoch 5] step 14800 train_loss=0.5090
[epoch 5] step 15000 train_loss=0.5091
[epoch 5] step 15200 train_loss=0.5091
[epoch 5] step 15400 train_loss=0.5091
[epoch 5] step 15600 train_loss=0.5091
[epoch 5] step 15800 train_loss=0.5092
[epoch 5] step 16000 train_loss=0.5092
[epoch 5] step 16200 train_loss=0.5092
[epoch 5] step 16400 train_loss=0.5092
[epoch 5] step 16600 train_loss=0.5092
[epoch 5] step 16800 train_loss=0.5092
[epoch 5] step 17000 train_loss=0.5094
[epoch 5] step 17200 train_loss=0.5095
[epoch 5] step 17400 train_loss=0.5095
[epoch 5] step 17600 train_loss=0.5095
[epoch 5] step 17800 train_loss=0.5094
[epoch 5] step 18000 train_loss=0.5093
[epoch 5] step 18200 train_loss=0.5093
[epoch 5] step 18400 train_loss=0.5094
[epoch 5] step 18600 train_loss=0.5095
[epoch 5] step 18800 train_loss=0.5095
[epoch 5] step 19000 train_loss=0.5095
[epoch 5] step 19200 train_loss=0.5095
[epoch 5] step 19400 train_loss=0.5095
[epoch 5] step 19600 train_loss=0.5095
[epoch 5] step 19621 train_loss=0.5095
[epoch 5] train_loss=0.5095 dev_loss=0.4092 AUC=0.6512 MRR=0.3604 nDCG@5=0.3397 nDCG@10=0.4040 BrierScore=0.1265 Recall@10=0.6617 selection_score=0.2020
[epoch 5] lr=0.00025
early stopping monitor: 3/10 epochs without selection_score improvement > 0.0010
[epoch 6] step 200 train_loss=0.5029
[epoch 6] step 400 train_loss=0.5010
[epoch 6] step 600 train_loss=0.4971
[epoch 6] step 800 train_loss=0.4995
[epoch 6] step 1000 train_loss=0.4987
[epoch 6] step 1200 train_loss=0.4988
[epoch 6] step 1400 train_loss=0.4985
[epoch 6] step 1600 train_loss=0.4983
[epoch 6] step 1800 train_loss=0.4982
[epoch 6] step 2000 train_loss=0.4988
[epoch 6] step 2200 train_loss=0.4991
[epoch 6] step 2400 train_loss=0.4993
[epoch 6] step 2600 train_loss=0.4990
[epoch 6] step 2800 train_loss=0.4987
[epoch 6] step 3000 train_loss=0.4988
[epoch 6] step 3200 train_loss=0.4991
[epoch 6] step 3400 train_loss=0.4994
[epoch 6] step 3600 train_loss=0.4997
[epoch 6] step 3800 train_loss=0.5000
[epoch 6] step 4000 train_loss=0.5002
[epoch 6] step 4200 train_loss=0.5001
[epoch 6] step 4400 train_loss=0.5003
[epoch 6] step 4600 train_loss=0.5004
[epoch 6] step 4800 train_loss=0.5000
[epoch 6] step 5000 train_loss=0.4996
[epoch 6] step 5200 train_loss=0.5001
[epoch 6] step 5400 train_loss=0.5002
[epoch 6] step 5600 train_loss=0.5003
[epoch 6] step 5800 train_loss=0.5003
[epoch 6] step 6000 train_loss=0.5001
[epoch 6] step 6200 train_loss=0.5000
[epoch 6] step 6400 train_loss=0.5000
[epoch 6] step 6600 train_loss=0.4999
[epoch 6] step 6800 train_loss=0.5001
[epoch 6] step 7000 train_loss=0.5004
[epoch 6] step 7200 train_loss=0.5000
[epoch 6] step 7400 train_loss=0.5000
[epoch 6] step 7600 train_loss=0.5000
[epoch 6] step 7800 train_loss=0.4999
[epoch 6] step 8000 train_loss=0.4999
[epoch 6] step 8200 train_loss=0.4998
[epoch 6] step 8400 train_loss=0.5000
[epoch 6] step 8600 train_loss=0.5000
[epoch 6] step 8800 train_loss=0.5000
[epoch 6] step 9000 train_loss=0.4997
[epoch 6] step 9200 train_loss=0.4995
[epoch 6] step 9400 train_loss=0.4995
[epoch 6] step 9600 train_loss=0.4994
[epoch 6] step 9800 train_loss=0.4994
[epoch 6] step 10000 train_loss=0.4994
[epoch 6] step 10200 train_loss=0.4994
[epoch 6] step 10400 train_loss=0.4996
[epoch 6] step 10600 train_loss=0.4995
[epoch 6] step 10800 train_loss=0.4996
[epoch 6] step 11000 train_loss=0.4995
[epoch 6] step 11200 train_loss=0.4995
[epoch 6] step 11400 train_loss=0.4997
[epoch 6] step 11600 train_loss=0.4996
[epoch 6] step 11800 train_loss=0.4998
[epoch 6] step 12000 train_loss=0.4999
[epoch 6] step 12200 train_loss=0.5000
[epoch 6] step 12400 train_loss=0.4999
[epoch 6] step 12600 train_loss=0.4999
[epoch 6] step 12800 train_loss=0.5000
[epoch 6] step 13000 train_loss=0.4999
[epoch 6] step 13200 train_loss=0.5000
[epoch 6] step 13400 train_loss=0.5000
[epoch 6] step 13600 train_loss=0.5000
[epoch 6] step 13800 train_loss=0.5001
[epoch 6] step 14000 train_loss=0.5001
[epoch 6] step 14200 train_loss=0.5002
[epoch 6] step 14400 train_loss=0.5002
[epoch 6] step 14600 train_loss=0.5003
[epoch 6] step 14800 train_loss=0.5002
[epoch 6] step 15000 train_loss=0.5003
[epoch 6] step 15200 train_loss=0.5003
[epoch 6] step 15400 train_loss=0.5003
[epoch 6] step 15600 train_loss=0.5004
[epoch 6] step 15800 train_loss=0.5003
[epoch 6] step 16000 train_loss=0.5002
[epoch 6] step 16200 train_loss=0.5002
[epoch 6] step 16400 train_loss=0.5002
[epoch 6] step 16600 train_loss=0.5002
[epoch 6] step 16800 train_loss=0.5003
[epoch 6] step 17000 train_loss=0.5003
[epoch 6] step 17200 train_loss=0.5004
[epoch 6] step 17400 train_loss=0.5003
[epoch 6] step 17600 train_loss=0.5003
[epoch 6] step 17800 train_loss=0.5003
[epoch 6] step 18000 train_loss=0.5004
[epoch 6] step 18200 train_loss=0.5003
[epoch 6] step 18400 train_loss=0.5003
[epoch 6] step 18600 train_loss=0.5004
[epoch 6] step 18800 train_loss=0.5005
[epoch 6] step 19000 train_loss=0.5005
[epoch 6] step 19200 train_loss=0.5004
[epoch 6] step 19400 train_loss=0.5004
[epoch 6] step 19600 train_loss=0.5004
[epoch 6] step 19621 train_loss=0.5005
[epoch 6] train_loss=0.5005 dev_loss=0.4236 AUC=0.6529 MRR=0.3598 nDCG@5=0.3406 nDCG@10=0.4044 BrierScore=0.1333 Recall@10=0.6629 selection_score=0.2022
[epoch 6] lr=0.00025
early stopping monitor: 4/10 epochs without selection_score improvement > 0.0010
[epoch 7] step 200 train_loss=0.4811
[epoch 7] step 400 train_loss=0.4860
[epoch 7] step 600 train_loss=0.4897
[epoch 7] step 800 train_loss=0.4930
[epoch 7] step 1000 train_loss=0.4929
[epoch 7] step 1200 train_loss=0.4931
[epoch 7] step 1400 train_loss=0.4939
[epoch 7] step 1600 train_loss=0.4947
[epoch 7] step 1800 train_loss=0.4943
[epoch 7] step 2000 train_loss=0.4942
[epoch 7] step 2200 train_loss=0.4943
[epoch 7] step 2400 train_loss=0.4940
[epoch 7] step 2600 train_loss=0.4948
[epoch 7] step 2800 train_loss=0.4947
[epoch 7] step 3000 train_loss=0.4948
[epoch 7] step 3200 train_loss=0.4942
[epoch 7] step 3400 train_loss=0.4944
[epoch 7] step 3600 train_loss=0.4952
[epoch 7] step 3800 train_loss=0.4950
[epoch 7] step 4000 train_loss=0.4949
[epoch 7] step 4200 train_loss=0.4948
[epoch 7] step 4400 train_loss=0.4954
[epoch 7] step 4600 train_loss=0.4953
[epoch 7] step 4800 train_loss=0.4955
[epoch 7] step 5000 train_loss=0.4957
[epoch 7] step 5200 train_loss=0.4957
[epoch 7] step 5400 train_loss=0.4958
[epoch 7] step 5600 train_loss=0.4959
[epoch 7] step 5800 train_loss=0.4956
[epoch 7] step 6000 train_loss=0.4957
[epoch 7] step 6200 train_loss=0.4955
[epoch 7] step 6400 train_loss=0.4956
[epoch 7] step 6600 train_loss=0.4955
[epoch 7] step 6800 train_loss=0.4954
[epoch 7] step 7000 train_loss=0.4955
[epoch 7] step 7200 train_loss=0.4959
[epoch 7] step 7400 train_loss=0.4959
[epoch 7] step 7600 train_loss=0.4957
[epoch 7] step 7800 train_loss=0.4957
[epoch 7] step 8000 train_loss=0.4959
[epoch 7] step 8200 train_loss=0.4957
[epoch 7] step 8400 train_loss=0.4956
[epoch 7] step 8600 train_loss=0.4959
[epoch 7] step 8800 train_loss=0.4958
[epoch 7] step 9000 train_loss=0.4958
[epoch 7] step 9200 train_loss=0.4959
[epoch 7] step 9400 train_loss=0.4960
[epoch 7] step 9600 train_loss=0.4957
[epoch 7] step 9800 train_loss=0.4959
[epoch 7] step 10000 train_loss=0.4958
[epoch 7] step 10200 train_loss=0.4958
[epoch 7] step 10400 train_loss=0.4959
[epoch 7] step 10600 train_loss=0.4960
[epoch 7] step 10800 train_loss=0.4960
[epoch 7] step 11000 train_loss=0.4960
[epoch 7] step 11200 train_loss=0.4960
[epoch 7] step 11400 train_loss=0.4960
[epoch 7] step 11600 train_loss=0.4960
[epoch 7] step 11800 train_loss=0.4962
[epoch 7] step 12000 train_loss=0.4963
[epoch 7] step 12200 train_loss=0.4962
[epoch 7] step 12400 train_loss=0.4961
[epoch 7] step 12600 train_loss=0.4962
[epoch 7] step 12800 train_loss=0.4962
[epoch 7] step 13000 train_loss=0.4963
[epoch 7] step 13200 train_loss=0.4964
[epoch 7] step 13400 train_loss=0.4964
[epoch 7] step 13600 train_loss=0.4964
[epoch 7] step 13800 train_loss=0.4962
[epoch 7] step 14000 train_loss=0.4963
[epoch 7] step 14200 train_loss=0.4964
[epoch 7] step 14400 train_loss=0.4965
[epoch 7] step 14600 train_loss=0.4965
[epoch 7] step 14800 train_loss=0.4964
[epoch 7] step 15000 train_loss=0.4966
[epoch 7] step 15200 train_loss=0.4966
[epoch 7] step 15400 train_loss=0.4966
[epoch 7] step 15600 train_loss=0.4967
[epoch 7] step 15800 train_loss=0.4966
[epoch 7] step 16000 train_loss=0.4966
[epoch 7] step 16200 train_loss=0.4966
[epoch 7] step 16400 train_loss=0.4967
[epoch 7] step 16600 train_loss=0.4967
[epoch 7] step 16800 train_loss=0.4967
[epoch 7] step 17000 train_loss=0.4966
[epoch 7] step 17200 train_loss=0.4966
[epoch 7] step 17400 train_loss=0.4966
[epoch 7] step 17600 train_loss=0.4966
[epoch 7] step 17800 train_loss=0.4966
[epoch 7] step 18000 train_loss=0.4967
[epoch 7] step 18200 train_loss=0.4967
[epoch 7] step 18400 train_loss=0.4966
[epoch 7] step 18600 train_loss=0.4967
[epoch 7] step 18800 train_loss=0.4967
[epoch 7] step 19000 train_loss=0.4967
[epoch 7] step 19200 train_loss=0.4967
[epoch 7] step 19400 train_loss=0.4966
[epoch 7] step 19600 train_loss=0.4966
[epoch 7] step 19621 train_loss=0.4966
[epoch 7] train_loss=0.4966 dev_loss=0.4137 AUC=0.6509 MRR=0.3574 nDCG@5=0.3380 nDCG@10=0.4018 BrierScore=0.1296 Recall@10=0.6602 selection_score=0.2009
[epoch 7] lr=0.000125
early stopping monitor: 5/10 epochs without selection_score improvement > 0.0010
[epoch 8] step 200 train_loss=0.5001
[epoch 8] step 400 train_loss=0.4965
[epoch 8] step 600 train_loss=0.4944
[epoch 8] step 800 train_loss=0.4935
[epoch 8] step 1000 train_loss=0.4942
[epoch 8] step 1200 train_loss=0.4940
[epoch 8] step 1400 train_loss=0.4931
[epoch 8] step 1600 train_loss=0.4937
[epoch 8] step 1800 train_loss=0.4947
[epoch 8] step 2000 train_loss=0.4947
[epoch 8] step 2200 train_loss=0.4938
[epoch 8] step 2400 train_loss=0.4929
[epoch 8] step 2600 train_loss=0.4927
[epoch 8] step 2800 train_loss=0.4929
[epoch 8] step 3000 train_loss=0.4925
[epoch 8] step 3200 train_loss=0.4917
[epoch 8] step 3400 train_loss=0.4916
[epoch 8] step 3600 train_loss=0.4912
[epoch 8] step 3800 train_loss=0.4910
[epoch 8] step 4000 train_loss=0.4907
[epoch 8] step 4200 train_loss=0.4903
[epoch 8] step 4400 train_loss=0.4899
[epoch 8] step 4600 train_loss=0.4896
[epoch 8] step 4800 train_loss=0.4898
[epoch 8] step 5000 train_loss=0.4899
[epoch 8] step 5200 train_loss=0.4895
[epoch 8] step 5400 train_loss=0.4894
[epoch 8] step 5600 train_loss=0.4894
[epoch 8] step 5800 train_loss=0.4895
[epoch 8] step 6000 train_loss=0.4893
[epoch 8] step 6200 train_loss=0.4897
[epoch 8] step 6400 train_loss=0.4896
[epoch 8] step 6600 train_loss=0.4893
[epoch 8] step 6800 train_loss=0.4895
[epoch 8] step 7000 train_loss=0.4897
[epoch 8] step 7200 train_loss=0.4896
[epoch 8] step 7400 train_loss=0.4900
[epoch 8] step 7600 train_loss=0.4902
[epoch 8] step 7800 train_loss=0.4899
[epoch 8] step 8000 train_loss=0.4901
[epoch 8] step 8200 train_loss=0.4902
[epoch 8] step 8400 train_loss=0.4903
[epoch 8] step 8600 train_loss=0.4903
[epoch 8] step 8800 train_loss=0.4904
[epoch 8] step 9000 train_loss=0.4904
[epoch 8] step 9200 train_loss=0.4904
[epoch 8] step 9400 train_loss=0.4906
[epoch 8] step 9600 train_loss=0.4906
[epoch 8] step 9800 train_loss=0.4904
[epoch 8] step 10000 train_loss=0.4904
[epoch 8] step 10200 train_loss=0.4905
[epoch 8] step 10400 train_loss=0.4905
[epoch 8] step 10600 train_loss=0.4903
[epoch 8] step 10800 train_loss=0.4903
[epoch 8] step 11000 train_loss=0.4902
[epoch 8] step 11200 train_loss=0.4901
[epoch 8] step 11400 train_loss=0.4901
[epoch 8] step 11600 train_loss=0.4904
[epoch 8] step 11800 train_loss=0.4904
[epoch 8] step 12000 train_loss=0.4904
[epoch 8] step 12200 train_loss=0.4904
[epoch 8] step 12400 train_loss=0.4905
[epoch 8] step 12600 train_loss=0.4905
[epoch 8] step 12800 train_loss=0.4905
[epoch 8] step 13000 train_loss=0.4904
[epoch 8] step 13200 train_loss=0.4903
[epoch 8] step 13400 train_loss=0.4904
[epoch 8] step 13600 train_loss=0.4905
[epoch 8] step 13800 train_loss=0.4906
[epoch 8] step 14000 train_loss=0.4907
[epoch 8] step 14200 train_loss=0.4906
[epoch 8] step 14400 train_loss=0.4906
[epoch 8] step 14600 train_loss=0.4904
[epoch 8] step 14800 train_loss=0.4905
[epoch 8] step 15000 train_loss=0.4904
[epoch 8] step 15200 train_loss=0.4905
[epoch 8] step 15400 train_loss=0.4904
[epoch 8] step 15600 train_loss=0.4904
[epoch 8] step 15800 train_loss=0.4904
[epoch 8] step 16000 train_loss=0.4904
[epoch 8] step 16200 train_loss=0.4904
[epoch 8] step 16400 train_loss=0.4904
[epoch 8] step 16600 train_loss=0.4904
[epoch 8] step 16800 train_loss=0.4904
[epoch 8] step 17000 train_loss=0.4904
[epoch 8] step 17200 train_loss=0.4905
[epoch 8] step 17400 train_loss=0.4904
[epoch 8] step 17600 train_loss=0.4905
[epoch 8] step 17800 train_loss=0.4904
[epoch 8] step 18000 train_loss=0.4905
[epoch 8] step 18200 train_loss=0.4905
[epoch 8] step 18400 train_loss=0.4906
[epoch 8] step 18600 train_loss=0.4905
[epoch 8] step 18800 train_loss=0.4906
[epoch 8] step 19000 train_loss=0.4906
[epoch 8] step 19200 train_loss=0.4905
[epoch 8] step 19400 train_loss=0.4906
[epoch 8] step 19600 train_loss=0.4905
[epoch 8] step 19621 train_loss=0.4906
[epoch 8] train_loss=0.4906 dev_loss=0.4213 AUC=0.6523 MRR=0.3609 nDCG@5=0.3414 nDCG@10=0.4048 BrierScore=0.1336 Recall@10=0.6623 selection_score=0.2024
[epoch 8] lr=0.000125
early stopping monitor: 6/10 epochs without selection_score improvement > 0.0010
[epoch 9] step 200 train_loss=0.4871
[epoch 9] step 400 train_loss=0.4879
[epoch 9] step 600 train_loss=0.4863
[epoch 9] step 800 train_loss=0.4854
[epoch 9] step 1000 train_loss=0.4850
[epoch 9] step 1200 train_loss=0.4855
[epoch 9] step 1400 train_loss=0.4860
[epoch 9] step 1600 train_loss=0.4866
[epoch 9] step 1800 train_loss=0.4875
[epoch 9] step 2000 train_loss=0.4877
[epoch 9] step 2200 train_loss=0.4875
[epoch 9] step 2400 train_loss=0.4872
[epoch 9] step 2600 train_loss=0.4872
[epoch 9] step 2800 train_loss=0.4874
[epoch 9] step 3000 train_loss=0.4877
[epoch 9] step 3200 train_loss=0.4872
[epoch 9] step 3400 train_loss=0.4871
[epoch 9] step 3600 train_loss=0.4872
[epoch 9] step 3800 train_loss=0.4868
[epoch 9] step 4000 train_loss=0.4868
[epoch 9] step 4200 train_loss=0.4867
[epoch 9] step 4400 train_loss=0.4867
[epoch 9] step 4600 train_loss=0.4869
[epoch 9] step 4800 train_loss=0.4872
[epoch 9] step 5000 train_loss=0.4872
[epoch 9] step 5200 train_loss=0.4874
[epoch 9] step 5400 train_loss=0.4876
[epoch 9] step 5600 train_loss=0.4875
[epoch 9] step 5800 train_loss=0.4876
[epoch 9] step 6000 train_loss=0.4877
[epoch 9] step 6200 train_loss=0.4876
[epoch 9] step 6400 train_loss=0.4876
[epoch 9] step 6600 train_loss=0.4879
[epoch 9] step 6800 train_loss=0.4880
[epoch 9] step 7000 train_loss=0.4879
[epoch 9] step 7200 train_loss=0.4878
[epoch 9] step 7400 train_loss=0.4878
[epoch 9] step 7600 train_loss=0.4880
[epoch 9] step 7800 train_loss=0.4879
[epoch 9] step 8000 train_loss=0.4882
[epoch 9] step 8200 train_loss=0.4881
[epoch 9] step 8400 train_loss=0.4883
[epoch 9] step 8600 train_loss=0.4882
[epoch 9] step 8800 train_loss=0.4883
[epoch 9] step 9000 train_loss=0.4883
[epoch 9] step 9200 train_loss=0.4881
[epoch 9] step 9400 train_loss=0.4879
[epoch 9] step 9600 train_loss=0.4877
[epoch 9] step 9800 train_loss=0.4875
[epoch 9] step 10000 train_loss=0.4877
[epoch 9] step 10200 train_loss=0.4877
[epoch 9] step 10400 train_loss=0.4876
[epoch 9] step 10600 train_loss=0.4876
[epoch 9] step 10800 train_loss=0.4874
[epoch 9] step 11000 train_loss=0.4874
[epoch 9] step 11200 train_loss=0.4875
[epoch 9] step 11400 train_loss=0.4876
[epoch 9] step 11600 train_loss=0.4876
[epoch 9] step 11800 train_loss=0.4876
[epoch 9] step 12000 train_loss=0.4876
[epoch 9] step 12200 train_loss=0.4878
[epoch 9] step 12400 train_loss=0.4877
[epoch 9] step 12600 train_loss=0.4876
[epoch 9] step 12800 train_loss=0.4877
[epoch 9] step 13000 train_loss=0.4876
[epoch 9] step 13200 train_loss=0.4878
[epoch 9] step 13400 train_loss=0.4877
[epoch 9] step 13600 train_loss=0.4878
[epoch 9] step 13800 train_loss=0.4878
[epoch 9] step 14000 train_loss=0.4881
[epoch 9] step 14200 train_loss=0.4882
[epoch 9] step 14400 train_loss=0.4882
[epoch 9] step 14600 train_loss=0.4883
[epoch 9] step 14800 train_loss=0.4883
[epoch 9] step 15000 train_loss=0.4884
[epoch 9] step 15200 train_loss=0.4884
[epoch 9] step 15400 train_loss=0.4885
[epoch 9] step 15600 train_loss=0.4885
[epoch 9] step 15800 train_loss=0.4885
[epoch 9] step 16000 train_loss=0.4885
[epoch 9] step 16200 train_loss=0.4885
[epoch 9] step 16400 train_loss=0.4885
[epoch 9] step 16600 train_loss=0.4885
[epoch 9] step 16800 train_loss=0.4885
[epoch 9] step 17000 train_loss=0.4885
[epoch 9] step 17200 train_loss=0.4886
[epoch 9] step 17400 train_loss=0.4886
[epoch 9] step 17600 train_loss=0.4886
[epoch 9] step 17800 train_loss=0.4885
[epoch 9] step 18000 train_loss=0.4886
[epoch 9] step 18200 train_loss=0.4886
[epoch 9] step 18400 train_loss=0.4886
[epoch 9] step 18600 train_loss=0.4886
[epoch 9] step 18800 train_loss=0.4886
[epoch 9] step 19000 train_loss=0.4887
[epoch 9] step 19200 train_loss=0.4885
[epoch 9] step 19400 train_loss=0.4885
[epoch 9] step 19600 train_loss=0.4886
[epoch 9] step 19621 train_loss=0.4886
[epoch 9] train_loss=0.4886 dev_loss=0.4357 AUC=0.6527 MRR=0.3605 nDCG@5=0.3412 nDCG@10=0.4044 BrierScore=0.1397 Recall@10=0.6615 selection_score=0.2022
[epoch 9] lr=6.25e-05
early stopping monitor: 7/10 epochs without selection_score improvement > 0.0010
[epoch 10] step 200 train_loss=0.4924
[epoch 10] step 400 train_loss=0.4926
[epoch 10] step 600 train_loss=0.4881
[epoch 10] step 800 train_loss=0.4871
[epoch 10] step 1000 train_loss=0.4870
[epoch 10] step 1200 train_loss=0.4870
[epoch 10] step 1400 train_loss=0.4873
[epoch 10] step 1600 train_loss=0.4873
[epoch 10] step 1800 train_loss=0.4861
[epoch 10] step 2000 train_loss=0.4858
[epoch 10] step 2200 train_loss=0.4866
[epoch 10] step 2400 train_loss=0.4868
[epoch 10] step 2600 train_loss=0.4869
[epoch 10] step 2800 train_loss=0.4864
[epoch 10] step 3000 train_loss=0.4862
[epoch 10] step 3200 train_loss=0.4858
[epoch 10] step 3400 train_loss=0.4858
[epoch 10] step 3600 train_loss=0.4857
[epoch 10] step 3800 train_loss=0.4858
[epoch 10] step 4000 train_loss=0.4852
[epoch 10] step 4200 train_loss=0.4854
[epoch 10] step 4400 train_loss=0.4849
[epoch 10] step 4600 train_loss=0.4848
[epoch 10] step 4800 train_loss=0.4843
[epoch 10] step 5000 train_loss=0.4846
[epoch 10] step 5200 train_loss=0.4844
[epoch 10] step 5400 train_loss=0.4847
[epoch 10] step 5600 train_loss=0.4849
[epoch 10] step 5800 train_loss=0.4852
[epoch 10] step 6000 train_loss=0.4851
[epoch 10] step 6200 train_loss=0.4849
[epoch 10] step 6400 train_loss=0.4847
[epoch 10] step 6600 train_loss=0.4848
[epoch 10] step 6800 train_loss=0.4848
[epoch 10] step 7000 train_loss=0.4844
[epoch 10] step 7200 train_loss=0.4842
[epoch 10] step 7400 train_loss=0.4844
[epoch 10] step 7600 train_loss=0.4845
[epoch 10] step 7800 train_loss=0.4846
[epoch 10] step 8000 train_loss=0.4846
[epoch 10] step 8200 train_loss=0.4844
[epoch 10] step 8400 train_loss=0.4844
[epoch 10] step 8600 train_loss=0.4846
[epoch 10] step 8800 train_loss=0.4845
[epoch 10] step 9000 train_loss=0.4843
[epoch 10] step 9200 train_loss=0.4843
[epoch 10] step 9400 train_loss=0.4842
[epoch 10] step 9600 train_loss=0.4843
[epoch 10] step 9800 train_loss=0.4843
[epoch 10] step 10000 train_loss=0.4844
[epoch 10] step 10200 train_loss=0.4846
[epoch 10] step 10400 train_loss=0.4846
[epoch 10] step 10600 train_loss=0.4845
[epoch 10] step 10800 train_loss=0.4845
[epoch 10] step 11000 train_loss=0.4845
[epoch 10] step 11200 train_loss=0.4846
[epoch 10] step 11400 train_loss=0.4846
[epoch 10] step 11600 train_loss=0.4846
[epoch 10] step 11800 train_loss=0.4845
[epoch 10] step 12000 train_loss=0.4846
[epoch 10] step 12200 train_loss=0.4846
[epoch 10] step 12400 train_loss=0.4847
[epoch 10] step 12600 train_loss=0.4847
[epoch 10] step 12800 train_loss=0.4847
[epoch 10] step 13000 train_loss=0.4847
[epoch 10] step 13200 train_loss=0.4848
[epoch 10] step 13400 train_loss=0.4848
[epoch 10] step 13600 train_loss=0.4847
[epoch 10] step 13800 train_loss=0.4847
[epoch 10] step 14000 train_loss=0.4848
[epoch 10] step 14200 train_loss=0.4849
[epoch 10] step 14400 train_loss=0.4848
[epoch 10] step 14600 train_loss=0.4848
[epoch 10] step 14800 train_loss=0.4848
[epoch 10] step 15000 train_loss=0.4847
[epoch 10] step 15200 train_loss=0.4846
[epoch 10] step 15400 train_loss=0.4845
[epoch 10] step 15600 train_loss=0.4846
[epoch 10] step 15800 train_loss=0.4846
[epoch 10] step 16000 train_loss=0.4845
[epoch 10] step 16200 train_loss=0.4846
[epoch 10] step 16400 train_loss=0.4846
[epoch 10] step 16600 train_loss=0.4845
[epoch 10] step 16800 train_loss=0.4845
[epoch 10] step 17000 train_loss=0.4845
[epoch 10] step 17200 train_loss=0.4845
[epoch 10] step 17400 train_loss=0.4845
[epoch 10] step 17600 train_loss=0.4844
[epoch 10] step 17800 train_loss=0.4844
[epoch 10] step 18000 train_loss=0.4844
[epoch 10] step 18200 train_loss=0.4845
[epoch 10] step 18400 train_loss=0.4844
[epoch 10] step 18600 train_loss=0.4845
[epoch 10] step 18800 train_loss=0.4845
[epoch 10] step 19000 train_loss=0.4845
[epoch 10] step 19200 train_loss=0.4846
[epoch 10] step 19400 train_loss=0.4848
[epoch 10] step 19600 train_loss=0.4848
[epoch 10] step 19621 train_loss=0.4848
[epoch 10] train_loss=0.4848 dev_loss=0.4237 AUC=0.6511 MRR=0.3596 nDCG@5=0.3402 nDCG@10=0.4032 BrierScore=0.1351 Recall@10=0.6600 selection_score=0.2016
[epoch 10] lr=6.25e-05
early stopping monitor: 8/10 epochs without selection_score improvement > 0.0010
[epoch 11] step 200 train_loss=0.4828
[epoch 11] step 400 train_loss=0.4798
[epoch 11] step 600 train_loss=0.4816
[epoch 11] step 800 train_loss=0.4828
[epoch 11] step 1000 train_loss=0.4818
[epoch 11] step 1200 train_loss=0.4813
[epoch 11] step 1400 train_loss=0.4813
[epoch 11] step 1600 train_loss=0.4811
[epoch 11] step 1800 train_loss=0.4805
[epoch 11] step 2000 train_loss=0.4802
[epoch 11] step 2200 train_loss=0.4803
[epoch 11] step 2400 train_loss=0.4806
[epoch 11] step 2600 train_loss=0.4808
[epoch 11] step 2800 train_loss=0.4803
[epoch 11] step 3000 train_loss=0.4805
[epoch 11] step 3200 train_loss=0.4812
[epoch 11] step 3400 train_loss=0.4810
[epoch 11] step 3600 train_loss=0.4812
[epoch 11] step 3800 train_loss=0.4811
[epoch 11] step 4000 train_loss=0.4808
[epoch 11] step 4200 train_loss=0.4813
[epoch 11] step 4400 train_loss=0.4814
[epoch 11] step 4600 train_loss=0.4814
[epoch 11] step 4800 train_loss=0.4815
[epoch 11] step 5000 train_loss=0.4814
[epoch 11] step 5200 train_loss=0.4815
[epoch 11] step 5400 train_loss=0.4815
[epoch 11] step 5600 train_loss=0.4815
[epoch 11] step 5800 train_loss=0.4814
[epoch 11] step 6000 train_loss=0.4816
[epoch 11] step 6200 train_loss=0.4815
[epoch 11] step 6400 train_loss=0.4814
[epoch 11] step 6600 train_loss=0.4814
[epoch 11] step 6800 train_loss=0.4814
[epoch 11] step 7000 train_loss=0.4811
[epoch 11] step 7200 train_loss=0.4815
[epoch 11] step 7400 train_loss=0.4817
[epoch 11] step 7600 train_loss=0.4819
[epoch 11] step 7800 train_loss=0.4821
[epoch 11] step 8000 train_loss=0.4822
[epoch 11] step 8200 train_loss=0.4824
[epoch 11] step 8400 train_loss=0.4823
[epoch 11] step 8600 train_loss=0.4823
[epoch 11] step 8800 train_loss=0.4825
[epoch 11] step 9000 train_loss=0.4824
[epoch 11] step 9200 train_loss=0.4825
[epoch 11] step 9400 train_loss=0.4826
[epoch 11] step 9600 train_loss=0.4824
[epoch 11] step 9800 train_loss=0.4824
[epoch 11] step 10000 train_loss=0.4825
[epoch 11] step 10200 train_loss=0.4826
[epoch 11] step 10400 train_loss=0.4826
[epoch 11] step 10600 train_loss=0.4828
[epoch 11] step 10800 train_loss=0.4828
[epoch 11] step 11000 train_loss=0.4828
[epoch 11] step 11200 train_loss=0.4829
[epoch 11] step 11400 train_loss=0.4829
[epoch 11] step 11600 train_loss=0.4829
[epoch 11] step 11800 train_loss=0.4830
[epoch 11] step 12000 train_loss=0.4831
[epoch 11] step 12200 train_loss=0.4831
[epoch 11] step 12400 train_loss=0.4830
[epoch 11] step 12600 train_loss=0.4830
[epoch 11] step 12800 train_loss=0.4831
[epoch 11] step 13000 train_loss=0.4830
[epoch 11] step 13200 train_loss=0.4831
[epoch 11] step 13400 train_loss=0.4831
[epoch 11] step 13600 train_loss=0.4831
[epoch 11] step 13800 train_loss=0.4830
[epoch 11] step 14000 train_loss=0.4832
[epoch 11] step 14200 train_loss=0.4830
[epoch 11] step 14400 train_loss=0.4830
[epoch 11] step 14600 train_loss=0.4831
[epoch 11] step 14800 train_loss=0.4832
[epoch 11] step 15000 train_loss=0.4832
[epoch 11] step 15200 train_loss=0.4832
[epoch 11] step 15400 train_loss=0.4833
[epoch 11] step 15600 train_loss=0.4833
[epoch 11] step 15800 train_loss=0.4834
[epoch 11] step 16000 train_loss=0.4835
[epoch 11] step 16200 train_loss=0.4834
[epoch 11] step 16400 train_loss=0.4834
[epoch 11] step 16600 train_loss=0.4834
[epoch 11] step 16800 train_loss=0.4835
[epoch 11] step 17000 train_loss=0.4834
[epoch 11] step 17200 train_loss=0.4835
[epoch 11] step 17400 train_loss=0.4835
[epoch 11] step 17600 train_loss=0.4835
[epoch 11] step 17800 train_loss=0.4835
[epoch 11] step 18000 train_loss=0.4834
[epoch 11] step 18200 train_loss=0.4834
[epoch 11] step 18400 train_loss=0.4835
[epoch 11] step 18600 train_loss=0.4836
[epoch 11] step 18800 train_loss=0.4836
[epoch 11] step 19000 train_loss=0.4836
[epoch 11] step 19200 train_loss=0.4835
[epoch 11] step 19400 train_loss=0.4835
[epoch 11] step 19600 train_loss=0.4836
[epoch 11] step 19621 train_loss=0.4836
[epoch 11] train_loss=0.4836 dev_loss=0.4263 AUC=0.6497 MRR=0.3585 nDCG@5=0.3387 nDCG@10=0.4019 BrierScore=0.1360 Recall@10=0.6584 selection_score=0.2009
[epoch 11] lr=3.125e-05
early stopping monitor: 9/10 epochs without selection_score improvement > 0.0010
[epoch 12] step 200 train_loss=0.4765
[epoch 12] step 400 train_loss=0.4746
[epoch 12] step 600 train_loss=0.4778
[epoch 12] step 800 train_loss=0.4787
[epoch 12] step 1000 train_loss=0.4798
[epoch 12] step 1200 train_loss=0.4802
[epoch 12] step 1400 train_loss=0.4793
[epoch 12] step 1600 train_loss=0.4791
[epoch 12] step 1800 train_loss=0.4784
[epoch 12] step 2000 train_loss=0.4792
[epoch 12] step 2200 train_loss=0.4799
[epoch 12] step 2400 train_loss=0.4805
[epoch 12] step 2600 train_loss=0.4811
[epoch 12] step 2800 train_loss=0.4822
[epoch 12] step 3000 train_loss=0.4821
[epoch 12] step 3200 train_loss=0.4816
[epoch 12] step 3400 train_loss=0.4821
[epoch 12] step 3600 train_loss=0.4819
[epoch 12] step 3800 train_loss=0.4817
[epoch 12] step 4000 train_loss=0.4818
[epoch 12] step 4200 train_loss=0.4823
[epoch 12] step 4400 train_loss=0.4823
[epoch 12] step 4600 train_loss=0.4822
[epoch 12] step 4800 train_loss=0.4822
[epoch 12] step 5000 train_loss=0.4822
[epoch 12] step 5200 train_loss=0.4819
[epoch 12] step 5400 train_loss=0.4820
[epoch 12] step 5600 train_loss=0.4819
[epoch 12] step 5800 train_loss=0.4820
[epoch 12] step 6000 train_loss=0.4819
[epoch 12] step 6200 train_loss=0.4821
[epoch 12] step 6400 train_loss=0.4823
[epoch 12] step 6600 train_loss=0.4821
[epoch 12] step 6800 train_loss=0.4820
[epoch 12] step 7000 train_loss=0.4820
[epoch 12] step 7200 train_loss=0.4821
[epoch 12] step 7400 train_loss=0.4822
[epoch 12] step 7600 train_loss=0.4821
[epoch 12] step 7800 train_loss=0.4818
[epoch 12] step 8000 train_loss=0.4819
[epoch 12] step 8200 train_loss=0.4818
[epoch 12] step 8400 train_loss=0.4819
[epoch 12] step 8600 train_loss=0.4818
[epoch 12] step 8800 train_loss=0.4817
[epoch 12] step 9000 train_loss=0.4816
[epoch 12] step 9200 train_loss=0.4815
[epoch 12] step 9400 train_loss=0.4815
[epoch 12] step 9600 train_loss=0.4815
[epoch 12] step 9800 train_loss=0.4813
[epoch 12] step 10000 train_loss=0.4813
[epoch 12] step 10200 train_loss=0.4813
[epoch 12] step 10400 train_loss=0.4814
[epoch 12] step 10600 train_loss=0.4814
[epoch 12] step 10800 train_loss=0.4815
[epoch 12] step 11000 train_loss=0.4815
[epoch 12] step 11200 train_loss=0.4814
[epoch 12] step 11400 train_loss=0.4814
[epoch 12] step 11600 train_loss=0.4813
[epoch 12] step 11800 train_loss=0.4815
[epoch 12] step 12000 train_loss=0.4815
[epoch 12] step 12200 train_loss=0.4815
[epoch 12] step 12400 train_loss=0.4817
[epoch 12] step 12600 train_loss=0.4817
[epoch 12] step 12800 train_loss=0.4818
[epoch 12] step 13000 train_loss=0.4818
[epoch 12] step 13200 train_loss=0.4817
[epoch 12] step 13400 train_loss=0.4818
[epoch 12] step 13600 train_loss=0.4817
[epoch 12] step 13800 train_loss=0.4817
[epoch 12] step 14000 train_loss=0.4817
[epoch 12] step 14200 train_loss=0.4817
[epoch 12] step 14400 train_loss=0.4818
[epoch 12] step 14600 train_loss=0.4819
[epoch 12] step 14800 train_loss=0.4819
[epoch 12] step 15000 train_loss=0.4819
[epoch 12] step 15200 train_loss=0.4819
[epoch 12] step 15400 train_loss=0.4818
[epoch 12] step 15600 train_loss=0.4819
[epoch 12] step 15800 train_loss=0.4818
[epoch 12] step 16000 train_loss=0.4818
[epoch 12] step 16200 train_loss=0.4818
[epoch 12] step 16400 train_loss=0.4818
[epoch 12] step 16600 train_loss=0.4817
[epoch 12] step 16800 train_loss=0.4818
[epoch 12] step 17000 train_loss=0.4818
[epoch 12] step 17200 train_loss=0.4818
[epoch 12] step 17400 train_loss=0.4818
[epoch 12] step 17600 train_loss=0.4819
[epoch 12] step 17800 train_loss=0.4818
[epoch 12] step 18000 train_loss=0.4818
[epoch 12] step 18200 train_loss=0.4818
[epoch 12] step 18400 train_loss=0.4818
[epoch 12] step 18600 train_loss=0.4818
[epoch 12] step 18800 train_loss=0.4818
[epoch 12] step 19000 train_loss=0.4818
[epoch 12] step 19200 train_loss=0.4818
[epoch 12] step 19400 train_loss=0.4818
[epoch 12] step 19600 train_loss=0.4818
[epoch 12] step 19621 train_loss=0.4818
[epoch 12] train_loss=0.4818 dev_loss=0.4397 AUC=0.6505 MRR=0.3586 nDCG@5=0.3391 nDCG@10=0.4023 BrierScore=0.1418 Recall@10=0.6595 selection_score=0.2011
[epoch 12] lr=3.125e-05
early stopping monitor: 10/10 epochs without selection_score improvement > 0.0010
early stopping triggered: selection_score did not improve by more than 0.0010 for 10 consecutive epochs.
wandb: [wandb.login()] Loaded credentials for https://api.wandb.ai from /Users/lixiang/.netrc.
wandb: Currently logged in as: 15661383504 (15661383504-jd) to https://api.wandb.ai. Use `wandb login --relogin` to force relogin
wandb: setting up run 7avpd563
wandb: Tracking run with wandb version 0.25.1
wandb: Run data is saved locally in outputs/wandb/wandb/run-20260404_224352-7avpd563
wandb: Run `wandb offline` to turn off syncing.
wandb: Syncing run bce-balanced-0404-2243
wandb: ⭐️ View project at https://wandb.ai/15661383504-jd/mind
wandb: 🚀 View run at https://wandb.ai/15661383504-jd/mind/runs/7avpd563
wandb: updating run metadata
wandb: uploading history steps 1199-1199, summary, console lines 1223-1226
wandb: uploading output.log; uploading wandb-summary.json; uploading config.yaml
wandb: 
wandb: Run history:
wandb: epoch/best_selection_score ▁███████████
wandb:    epoch/calibration_score ▁▁▁▁▁▁▁▁▁▁▁▁
wandb:              epoch/dev_AUC ▁▇█▄▆▇▅▇▇▆▄▅
wandb:         epoch/dev_BrierRef ▁▁▁▁▁▁▁▁▁▁▁▁
wandb:       epoch/dev_BrierScore ▂▁▁▃▅▆▅▆█▇▇█
wandb:        epoch/dev_GlobalCTR ▁▁▁▁▁▁▁▁▁▁▁▁
wandb:              epoch/dev_MRR ▁█▆▁▆▆▃▇▆▅▄▄
wandb:        epoch/dev_Recall@10 ▁██▅▆▇▅▇▆▅▄▅
wandb:             epoch/dev_loss ▂▁▁▂▅▆▅▆█▆▇█
wandb:          epoch/dev_nDCG@10 ▁█▇▂▅▆▃▆▆▅▃▄
wandb:                        +14 ...
wandb: 
wandb: Run summary:
wandb:       best/checkpoint_path outputs/baseline_bes...
wandb:        best/dev_BrierScore 0.10938
wandb:         best/dev_Recall@10 0.66428
wandb:           best/dev_nDCG@10 0.40647
wandb:                 best/epoch 2
wandb:       best/selection_score 0.20324
wandb:            checkpoint_path outputs/baseline_bes...
wandb: epoch/best_selection_score 0.20324
wandb:    epoch/calibration_score 0
wandb:              epoch/dev_AUC 0.65051
wandb:                        +33 ...
wandb: 
wandb: 🚀 View run bce-balanced-0404-2243 at: https://wandb.ai/15661383504-jd/mind/runs/7avpd563
wandb: ⭐️ View project at: https://wandb.ai/15661383504-jd/mind
wandb: Synced 5 W&B file(s), 0 media file(s), 0 artifact file(s) and 0 other file(s)
wandb: Find logs at: outputs/wandb/wandb/run-20260404_224352-7avpd563/logs


