device = mps
train samples = 156965
dev samples = 73152
trainable params = 4,484,929
loss type = pairwise
lr scheduler = ReduceLROnPlateau(mode=min, factor=0.5, patience=1, min_lr=1e-06)
wandb run name = pairwise-balanced-0404-2354
wandb url = https://wandb.ai/15661383504-jd/mind/runs/4tjzop9m
[epoch 1] step 200 train_loss=0.6660
[epoch 1] step 400 train_loss=0.6523
[epoch 1] step 600 train_loss=0.6434
[epoch 1] step 800 train_loss=0.6381
[epoch 1] step 1000 train_loss=0.6331
[epoch 1] step 1200 train_loss=0.6302
[epoch 1] step 1400 train_loss=0.6267
[epoch 1] step 1600 train_loss=0.6228
[epoch 1] step 1800 train_loss=0.6207
[epoch 1] step 2000 train_loss=0.6184
[epoch 1] step 2200 train_loss=0.6161
[epoch 1] step 2400 train_loss=0.6142
[epoch 1] step 2600 train_loss=0.6115
[epoch 1] step 2800 train_loss=0.6102
[epoch 1] step 3000 train_loss=0.6100
[epoch 1] step 3200 train_loss=0.6093
[epoch 1] step 3400 train_loss=0.6076
[epoch 1] step 3600 train_loss=0.6056
[epoch 1] step 3800 train_loss=0.6039
[epoch 1] step 4000 train_loss=0.6034
[epoch 1] step 4200 train_loss=0.6026
[epoch 1] step 4400 train_loss=0.6015
[epoch 1] step 4600 train_loss=0.6002
[epoch 1] step 4800 train_loss=0.5996
[epoch 1] step 5000 train_loss=0.5987
[epoch 1] step 5200 train_loss=0.5977
[epoch 1] step 5400 train_loss=0.5964
[epoch 1] step 5600 train_loss=0.5951
[epoch 1] step 5800 train_loss=0.5938
[epoch 1] step 6000 train_loss=0.5934
[epoch 1] step 6200 train_loss=0.5927
[epoch 1] step 6400 train_loss=0.5919
[epoch 1] step 6600 train_loss=0.5914
[epoch 1] step 6800 train_loss=0.5907
[epoch 1] step 7000 train_loss=0.5900
[epoch 1] step 7200 train_loss=0.5894
[epoch 1] step 7400 train_loss=0.5886
[epoch 1] step 7600 train_loss=0.5879
[epoch 1] step 7800 train_loss=0.5874
[epoch 1] step 8000 train_loss=0.5870
[epoch 1] step 8200 train_loss=0.5864
[epoch 1] step 8400 train_loss=0.5860
[epoch 1] step 8600 train_loss=0.5855
[epoch 1] step 8800 train_loss=0.5849
[epoch 1] step 9000 train_loss=0.5847
[epoch 1] step 9200 train_loss=0.5841
[epoch 1] step 9400 train_loss=0.5835
[epoch 1] step 9600 train_loss=0.5833
[epoch 1] step 9800 train_loss=0.5830
[epoch 1] step 10000 train_loss=0.5825
[epoch 1] step 10200 train_loss=0.5823
[epoch 1] step 10400 train_loss=0.5818
[epoch 1] step 10600 train_loss=0.5812
[epoch 1] step 10800 train_loss=0.5811
[epoch 1] step 11000 train_loss=0.5805
[epoch 1] step 11200 train_loss=0.5803
[epoch 1] step 11400 train_loss=0.5802
[epoch 1] step 11600 train_loss=0.5800
[epoch 1] step 11800 train_loss=0.5794
[epoch 1] step 12000 train_loss=0.5791
[epoch 1] step 12200 train_loss=0.5788
[epoch 1] step 12400 train_loss=0.5785
[epoch 1] step 12600 train_loss=0.5783
[epoch 1] step 12800 train_loss=0.5780
[epoch 1] step 13000 train_loss=0.5776
[epoch 1] step 13200 train_loss=0.5774
[epoch 1] step 13400 train_loss=0.5771
[epoch 1] step 13600 train_loss=0.5772
[epoch 1] step 13800 train_loss=0.5768
[epoch 1] step 14000 train_loss=0.5766
[epoch 1] step 14200 train_loss=0.5763
[epoch 1] step 14400 train_loss=0.5762
[epoch 1] step 14600 train_loss=0.5760
[epoch 1] step 14800 train_loss=0.5758
[epoch 1] step 15000 train_loss=0.5755
[epoch 1] step 15200 train_loss=0.5752
[epoch 1] step 15400 train_loss=0.5748
[epoch 1] step 15600 train_loss=0.5742
[epoch 1] step 15800 train_loss=0.5741
[epoch 1] step 16000 train_loss=0.5739
[epoch 1] step 16200 train_loss=0.5737
[epoch 1] step 16400 train_loss=0.5736
[epoch 1] step 16600 train_loss=0.5733
[epoch 1] step 16800 train_loss=0.5732
[epoch 1] step 17000 train_loss=0.5727
[epoch 1] step 17200 train_loss=0.5725
[epoch 1] step 17400 train_loss=0.5722
[epoch 1] step 17600 train_loss=0.5720
[epoch 1] step 17800 train_loss=0.5717
[epoch 1] step 18000 train_loss=0.5714
[epoch 1] step 18200 train_loss=0.5711
[epoch 1] step 18400 train_loss=0.5710
[epoch 1] step 18600 train_loss=0.5710
[epoch 1] step 18800 train_loss=0.5709
[epoch 1] step 19000 train_loss=0.5708
[epoch 1] step 19200 train_loss=0.5704
[epoch 1] step 19400 train_loss=0.5702
[epoch 1] step 19600 train_loss=0.5699
[epoch 1] step 19621 train_loss=0.5699
[epoch 1] train_loss=0.5699 dev_loss=0.6079 AUC=0.6421 MRR=0.3547 nDCG@5=0.3364 nDCG@10=0.3986 BrierScore=0.2160 Recall@10=0.6540 selection_score=0.1993
[epoch 1] lr=0.0005
saved best checkpoint to outputs/baseline_best.pt
[epoch 2] step 200 train_loss=0.5335
[epoch 2] step 400 train_loss=0.5331
[epoch 2] step 600 train_loss=0.5349
[epoch 2] step 800 train_loss=0.5353
[epoch 2] step 1000 train_loss=0.5394
[epoch 2] step 1200 train_loss=0.5382
[epoch 2] step 1400 train_loss=0.5402
[epoch 2] step 1600 train_loss=0.5411
[epoch 2] step 1800 train_loss=0.5393
[epoch 2] step 2000 train_loss=0.5401
[epoch 2] step 2200 train_loss=0.5396
[epoch 2] step 2400 train_loss=0.5399
[epoch 2] step 2600 train_loss=0.5386
[epoch 2] step 2800 train_loss=0.5384
[epoch 2] step 3000 train_loss=0.5377
[epoch 2] step 3200 train_loss=0.5376
[epoch 2] step 3400 train_loss=0.5379
[epoch 2] step 3600 train_loss=0.5377
[epoch 2] step 3800 train_loss=0.5371
[epoch 2] step 4000 train_loss=0.5371
[epoch 2] step 4200 train_loss=0.5379
[epoch 2] step 4400 train_loss=0.5378
[epoch 2] step 4600 train_loss=0.5380
[epoch 2] step 4800 train_loss=0.5374
[epoch 2] step 5000 train_loss=0.5371
[epoch 2] step 5200 train_loss=0.5367
[epoch 2] step 5400 train_loss=0.5371
[epoch 2] step 5600 train_loss=0.5374
[epoch 2] step 5800 train_loss=0.5374
[epoch 2] step 6000 train_loss=0.5378
[epoch 2] step 6200 train_loss=0.5378
[epoch 2] step 6400 train_loss=0.5381
[epoch 2] step 6600 train_loss=0.5381
[epoch 2] step 6800 train_loss=0.5380
[epoch 2] step 7000 train_loss=0.5382
[epoch 2] step 7200 train_loss=0.5384
[epoch 2] step 7400 train_loss=0.5386
[epoch 2] step 7600 train_loss=0.5386
[epoch 2] step 7800 train_loss=0.5387
[epoch 2] step 8000 train_loss=0.5384
[epoch 2] step 8200 train_loss=0.5388
[epoch 2] step 8400 train_loss=0.5389
[epoch 2] step 8600 train_loss=0.5390
[epoch 2] step 8800 train_loss=0.5390
[epoch 2] step 9000 train_loss=0.5387
[epoch 2] step 9200 train_loss=0.5386
[epoch 2] step 9400 train_loss=0.5387
[epoch 2] step 9600 train_loss=0.5386
[epoch 2] step 9800 train_loss=0.5389
[epoch 2] step 10000 train_loss=0.5387
[epoch 2] step 10200 train_loss=0.5387
[epoch 2] step 10400 train_loss=0.5385
[epoch 2] step 10600 train_loss=0.5385
[epoch 2] step 10800 train_loss=0.5386
[epoch 2] step 11000 train_loss=0.5385
[epoch 2] step 11200 train_loss=0.5383
[epoch 2] step 11400 train_loss=0.5384
[epoch 2] step 11600 train_loss=0.5382
[epoch 2] step 11800 train_loss=0.5380
[epoch 2] step 12000 train_loss=0.5382
[epoch 2] step 12200 train_loss=0.5379
[epoch 2] step 12400 train_loss=0.5377
[epoch 2] step 12600 train_loss=0.5377
[epoch 2] step 12800 train_loss=0.5376
[epoch 2] step 13000 train_loss=0.5376
[epoch 2] step 13200 train_loss=0.5376
[epoch 2] step 13400 train_loss=0.5374
[epoch 2] step 13600 train_loss=0.5374
[epoch 2] step 13800 train_loss=0.5371
[epoch 2] step 14000 train_loss=0.5369
[epoch 2] step 14200 train_loss=0.5368
[epoch 2] step 14400 train_loss=0.5370
[epoch 2] step 14600 train_loss=0.5370
[epoch 2] step 14800 train_loss=0.5369
[epoch 2] step 15000 train_loss=0.5369
[epoch 2] step 15200 train_loss=0.5369
[epoch 2] step 15400 train_loss=0.5369
[epoch 2] step 15600 train_loss=0.5370
[epoch 2] step 15800 train_loss=0.5370
[epoch 2] step 16000 train_loss=0.5369
[epoch 2] step 16200 train_loss=0.5370
[epoch 2] step 16400 train_loss=0.5368
[epoch 2] step 16600 train_loss=0.5367
[epoch 2] step 16800 train_loss=0.5365
[epoch 2] step 17000 train_loss=0.5365
[epoch 2] step 17200 train_loss=0.5363
[epoch 2] step 17400 train_loss=0.5363
[epoch 2] step 17600 train_loss=0.5364
[epoch 2] step 17800 train_loss=0.5364
[epoch 2] step 18000 train_loss=0.5364
[epoch 2] step 18200 train_loss=0.5365
[epoch 2] step 18400 train_loss=0.5364
[epoch 2] step 18600 train_loss=0.5364
[epoch 2] step 18800 train_loss=0.5363
[epoch 2] step 19000 train_loss=0.5365
[epoch 2] step 19200 train_loss=0.5366
[epoch 2] step 19400 train_loss=0.5366
[epoch 2] step 19600 train_loss=0.5367
[epoch 2] step 19621 train_loss=0.5367
[epoch 2] train_loss=0.5367 dev_loss=0.6072 AUC=0.6414 MRR=0.3483 nDCG@5=0.3291 nDCG@10=0.3935 BrierScore=0.1794 Recall@10=0.6536 selection_score=0.1967
[epoch 2] lr=0.0005
[epoch 3] step 200 train_loss=0.5189
[epoch 3] step 400 train_loss=0.5269
[epoch 3] step 600 train_loss=0.5210
[epoch 3] step 800 train_loss=0.5168
[epoch 3] step 1000 train_loss=0.5159
[epoch 3] step 1200 train_loss=0.5145
[epoch 3] step 1400 train_loss=0.5171
[epoch 3] step 1600 train_loss=0.5188
[epoch 3] step 1800 train_loss=0.5187
[epoch 3] step 2000 train_loss=0.5190
[epoch 3] step 2200 train_loss=0.5183
[epoch 3] step 2400 train_loss=0.5197
[epoch 3] step 2600 train_loss=0.5208
[epoch 3] step 2800 train_loss=0.5192
[epoch 3] step 3000 train_loss=0.5194
[epoch 3] step 3200 train_loss=0.5192
[epoch 3] step 3400 train_loss=0.5192
[epoch 3] step 3600 train_loss=0.5196
[epoch 3] step 3800 train_loss=0.5205
[epoch 3] step 4000 train_loss=0.5204
[epoch 3] step 4200 train_loss=0.5208
[epoch 3] step 4400 train_loss=0.5215
[epoch 3] step 4600 train_loss=0.5211
[epoch 3] step 4800 train_loss=0.5221
[epoch 3] step 5000 train_loss=0.5222
[epoch 3] step 5200 train_loss=0.5221
[epoch 3] step 5400 train_loss=0.5224
[epoch 3] step 5600 train_loss=0.5222
[epoch 3] step 5800 train_loss=0.5223
[epoch 3] step 6000 train_loss=0.5224
[epoch 3] step 6200 train_loss=0.5223
[epoch 3] step 6400 train_loss=0.5229
[epoch 3] step 6600 train_loss=0.5230
[epoch 3] step 6800 train_loss=0.5233
[epoch 3] step 7000 train_loss=0.5233
[epoch 3] step 7200 train_loss=0.5233
[epoch 3] step 7400 train_loss=0.5231
[epoch 3] step 7600 train_loss=0.5231
[epoch 3] step 7800 train_loss=0.5231
[epoch 3] step 8000 train_loss=0.5226
[epoch 3] step 8200 train_loss=0.5223
[epoch 3] step 8400 train_loss=0.5227
[epoch 3] step 8600 train_loss=0.5219
[epoch 3] step 8800 train_loss=0.5219
[epoch 3] step 9000 train_loss=0.5220
[epoch 3] step 9200 train_loss=0.5223
[epoch 3] step 9400 train_loss=0.5222
[epoch 3] step 9600 train_loss=0.5222
[epoch 3] step 9800 train_loss=0.5221
[epoch 3] step 10000 train_loss=0.5219
[epoch 3] step 10200 train_loss=0.5219
[epoch 3] step 10400 train_loss=0.5219
[epoch 3] step 10600 train_loss=0.5220
[epoch 3] step 10800 train_loss=0.5220
[epoch 3] step 11000 train_loss=0.5222
[epoch 3] step 11200 train_loss=0.5224
[epoch 3] step 11400 train_loss=0.5226
[epoch 3] step 11600 train_loss=0.5225
[epoch 3] step 11800 train_loss=0.5224
[epoch 3] step 12000 train_loss=0.5222
[epoch 3] step 12200 train_loss=0.5219
[epoch 3] step 12400 train_loss=0.5219
[epoch 3] step 12600 train_loss=0.5217
[epoch 3] step 12800 train_loss=0.5219
[epoch 3] step 13000 train_loss=0.5217
[epoch 3] step 13200 train_loss=0.5216
[epoch 3] step 13400 train_loss=0.5218
[epoch 3] step 13600 train_loss=0.5217
[epoch 3] step 13800 train_loss=0.5215
[epoch 3] step 14000 train_loss=0.5215
[epoch 3] step 14200 train_loss=0.5216
[epoch 3] step 14400 train_loss=0.5216
[epoch 3] step 14600 train_loss=0.5216
[epoch 3] step 14800 train_loss=0.5215
[epoch 3] step 15000 train_loss=0.5216
[epoch 3] step 15200 train_loss=0.5216
[epoch 3] step 15400 train_loss=0.5215
[epoch 3] step 15600 train_loss=0.5212
[epoch 3] step 15800 train_loss=0.5215
[epoch 3] step 16000 train_loss=0.5216
[epoch 3] step 16200 train_loss=0.5219
[epoch 3] step 16400 train_loss=0.5220
[epoch 3] step 16600 train_loss=0.5219
[epoch 3] step 16800 train_loss=0.5219
[epoch 3] step 17000 train_loss=0.5218
[epoch 3] step 17200 train_loss=0.5219
[epoch 3] step 17400 train_loss=0.5219
[epoch 3] step 17600 train_loss=0.5220
[epoch 3] step 17800 train_loss=0.5220
[epoch 3] step 18000 train_loss=0.5221
[epoch 3] step 18200 train_loss=0.5218
[epoch 3] step 18400 train_loss=0.5220
[epoch 3] step 18600 train_loss=0.5219
[epoch 3] step 18800 train_loss=0.5217
[epoch 3] step 19000 train_loss=0.5218
[epoch 3] step 19200 train_loss=0.5217
[epoch 3] step 19400 train_loss=0.5217
[epoch 3] step 19600 train_loss=0.5217
[epoch 3] step 19621 train_loss=0.5217
[epoch 3] train_loss=0.5217 dev_loss=0.5948 AUC=0.6444 MRR=0.3530 nDCG@5=0.3316 nDCG@10=0.3971 BrierScore=0.2098 Recall@10=0.6556 selection_score=0.1985
[epoch 3] lr=0.0005
early stopping monitor: 1/10 epochs without selection_score improvement > 0.0010
[epoch 4] step 200 train_loss=0.4935
[epoch 4] step 400 train_loss=0.5012
[epoch 4] step 600 train_loss=0.5022
[epoch 4] step 800 train_loss=0.5057
[epoch 4] step 1000 train_loss=0.5069
[epoch 4] step 1200 train_loss=0.5063
[epoch 4] step 1400 train_loss=0.5055
[epoch 4] step 1600 train_loss=0.5072
[epoch 4] step 1800 train_loss=0.5066
[epoch 4] step 2000 train_loss=0.5060
[epoch 4] step 2200 train_loss=0.5057
[epoch 4] step 2400 train_loss=0.5072
[epoch 4] step 2600 train_loss=0.5063
[epoch 4] step 2800 train_loss=0.5062
[epoch 4] step 3000 train_loss=0.5054
[epoch 4] step 3200 train_loss=0.5056
[epoch 4] step 3400 train_loss=0.5053
[epoch 4] step 3600 train_loss=0.5052
[epoch 4] step 3800 train_loss=0.5061
[epoch 4] step 4000 train_loss=0.5064
[epoch 4] step 4200 train_loss=0.5066
[epoch 4] step 4400 train_loss=0.5068
[epoch 4] step 4600 train_loss=0.5062
[epoch 4] step 4800 train_loss=0.5067
[epoch 4] step 5000 train_loss=0.5061
[epoch 4] step 5200 train_loss=0.5069
[epoch 4] step 5400 train_loss=0.5065
[epoch 4] step 5600 train_loss=0.5063
[epoch 4] step 5800 train_loss=0.5070
[epoch 4] step 6000 train_loss=0.5069
[epoch 4] step 6200 train_loss=0.5071
[epoch 4] step 6400 train_loss=0.5072
[epoch 4] step 6600 train_loss=0.5068
[epoch 4] step 6800 train_loss=0.5074
[epoch 4] step 7000 train_loss=0.5075
[epoch 4] step 7200 train_loss=0.5075
[epoch 4] step 7400 train_loss=0.5074
[epoch 4] step 7600 train_loss=0.5077
[epoch 4] step 7800 train_loss=0.5078
[epoch 4] step 8000 train_loss=0.5082
[epoch 4] step 8200 train_loss=0.5087
[epoch 4] step 8400 train_loss=0.5089
[epoch 4] step 8600 train_loss=0.5090
[epoch 4] step 8800 train_loss=0.5092
[epoch 4] step 9000 train_loss=0.5093
[epoch 4] step 9200 train_loss=0.5099
[epoch 4] step 9400 train_loss=0.5098
[epoch 4] step 9600 train_loss=0.5094
[epoch 4] step 9800 train_loss=0.5097
[epoch 4] step 10000 train_loss=0.5097
[epoch 4] step 10200 train_loss=0.5097
[epoch 4] step 10400 train_loss=0.5097
[epoch 4] step 10600 train_loss=0.5095
[epoch 4] step 10800 train_loss=0.5096
[epoch 4] step 11000 train_loss=0.5092
[epoch 4] step 11200 train_loss=0.5092
[epoch 4] step 11400 train_loss=0.5091
[epoch 4] step 11600 train_loss=0.5087
[epoch 4] step 11800 train_loss=0.5087
[epoch 4] step 12000 train_loss=0.5088
[epoch 4] step 12200 train_loss=0.5089
[epoch 4] step 12400 train_loss=0.5088
[epoch 4] step 12600 train_loss=0.5091
[epoch 4] step 12800 train_loss=0.5094
[epoch 4] step 13000 train_loss=0.5091
[epoch 4] step 13200 train_loss=0.5091
[epoch 4] step 13400 train_loss=0.5092
[epoch 4] step 13600 train_loss=0.5093
[epoch 4] step 13800 train_loss=0.5092
[epoch 4] step 14000 train_loss=0.5089
[epoch 4] step 14200 train_loss=0.5090
[epoch 4] step 14400 train_loss=0.5092
[epoch 4] step 14600 train_loss=0.5091
[epoch 4] step 14800 train_loss=0.5087
[epoch 4] step 15000 train_loss=0.5086
[epoch 4] step 15200 train_loss=0.5087
[epoch 4] step 15400 train_loss=0.5085
[epoch 4] step 15600 train_loss=0.5083
[epoch 4] step 15800 train_loss=0.5087
[epoch 4] step 16000 train_loss=0.5088
[epoch 4] step 16200 train_loss=0.5088
[epoch 4] step 16400 train_loss=0.5089
[epoch 4] step 16600 train_loss=0.5088
[epoch 4] step 16800 train_loss=0.5090
[epoch 4] step 17000 train_loss=0.5089
[epoch 4] step 17200 train_loss=0.5091
[epoch 4] step 17400 train_loss=0.5092
[epoch 4] step 17600 train_loss=0.5093
[epoch 4] step 17800 train_loss=0.5093
[epoch 4] step 18000 train_loss=0.5092
[epoch 4] step 18200 train_loss=0.5092
[epoch 4] step 18400 train_loss=0.5092
[epoch 4] step 18600 train_loss=0.5090
[epoch 4] step 18800 train_loss=0.5090
[epoch 4] step 19000 train_loss=0.5093
[epoch 4] step 19200 train_loss=0.5091
[epoch 4] step 19400 train_loss=0.5092
[epoch 4] step 19600 train_loss=0.5095
[epoch 4] step 19621 train_loss=0.5095
[epoch 4] train_loss=0.5095 dev_loss=0.6047 AUC=0.6453 MRR=0.3523 nDCG@5=0.3316 nDCG@10=0.3972 BrierScore=0.2047 Recall@10=0.6579 selection_score=0.1986
[epoch 4] lr=0.0005
early stopping monitor: 2/10 epochs without selection_score improvement > 0.0010
[epoch 5] step 200 train_loss=0.5020
[epoch 5] step 400 train_loss=0.4989
[epoch 5] step 600 train_loss=0.4951
[epoch 5] step 800 train_loss=0.4956
[epoch 5] step 1000 train_loss=0.4946
[epoch 5] step 1200 train_loss=0.4944
[epoch 5] step 1400 train_loss=0.4976
[epoch 5] step 1600 train_loss=0.4977
[epoch 5] step 1800 train_loss=0.4970
[epoch 5] step 2000 train_loss=0.4988
[epoch 5] step 2200 train_loss=0.4996
[epoch 5] step 2400 train_loss=0.4993
[epoch 5] step 2600 train_loss=0.4988
[epoch 5] step 2800 train_loss=0.4973
[epoch 5] step 3000 train_loss=0.4976
[epoch 5] step 3200 train_loss=0.4984
[epoch 5] step 3400 train_loss=0.4982
[epoch 5] step 3600 train_loss=0.4980
[epoch 5] step 3800 train_loss=0.4976
[epoch 5] step 4000 train_loss=0.4984
[epoch 5] step 4200 train_loss=0.4989
[epoch 5] step 4400 train_loss=0.4987
[epoch 5] step 4600 train_loss=0.4987
[epoch 5] step 4800 train_loss=0.4976
[epoch 5] step 5000 train_loss=0.4973
[epoch 5] step 5200 train_loss=0.4967
[epoch 5] step 5400 train_loss=0.4974
[epoch 5] step 5600 train_loss=0.4972
[epoch 5] step 5800 train_loss=0.4978
[epoch 5] step 6000 train_loss=0.4980
[epoch 5] step 6200 train_loss=0.4975
[epoch 5] step 6400 train_loss=0.4976
[epoch 5] step 6600 train_loss=0.4976
[epoch 5] step 6800 train_loss=0.4976
[epoch 5] step 7000 train_loss=0.4975
[epoch 5] step 7200 train_loss=0.4974
[epoch 5] step 7400 train_loss=0.4976
[epoch 5] step 7600 train_loss=0.4975
[epoch 5] step 7800 train_loss=0.4977
[epoch 5] step 8000 train_loss=0.4978
[epoch 5] step 8200 train_loss=0.4975
[epoch 5] step 8400 train_loss=0.4980
[epoch 5] step 8600 train_loss=0.4983
[epoch 5] step 8800 train_loss=0.4981
[epoch 5] step 9000 train_loss=0.4980
[epoch 5] step 9200 train_loss=0.4980
[epoch 5] step 9400 train_loss=0.4977
[epoch 5] step 9600 train_loss=0.4975
[epoch 5] step 9800 train_loss=0.4974
[epoch 5] step 10000 train_loss=0.4973
[epoch 5] step 10200 train_loss=0.4973
[epoch 5] step 10400 train_loss=0.4974
[epoch 5] step 10600 train_loss=0.4975
[epoch 5] step 10800 train_loss=0.4976
[epoch 5] step 11000 train_loss=0.4980
[epoch 5] step 11200 train_loss=0.4982
[epoch 5] step 11400 train_loss=0.4984
[epoch 5] step 11600 train_loss=0.4981
[epoch 5] step 11800 train_loss=0.4984
[epoch 5] step 12000 train_loss=0.4983
[epoch 5] step 12200 train_loss=0.4982
[epoch 5] step 12400 train_loss=0.4981
[epoch 5] step 12600 train_loss=0.4982
[epoch 5] step 12800 train_loss=0.4983
[epoch 5] step 13000 train_loss=0.4986
[epoch 5] step 13200 train_loss=0.4984
[epoch 5] step 13400 train_loss=0.4985
[epoch 5] step 13600 train_loss=0.4985
[epoch 5] step 13800 train_loss=0.4988
[epoch 5] step 14000 train_loss=0.4986
[epoch 5] step 14200 train_loss=0.4985
[epoch 5] step 14400 train_loss=0.4985
[epoch 5] step 14600 train_loss=0.4984
[epoch 5] step 14800 train_loss=0.4984
[epoch 5] step 15000 train_loss=0.4985
[epoch 5] step 15200 train_loss=0.4986
[epoch 5] step 15400 train_loss=0.4985
[epoch 5] step 15600 train_loss=0.4985
[epoch 5] step 15800 train_loss=0.4988
[epoch 5] step 16000 train_loss=0.4986
[epoch 5] step 16200 train_loss=0.4986
[epoch 5] step 16400 train_loss=0.4986
[epoch 5] step 16600 train_loss=0.4986
[epoch 5] step 16800 train_loss=0.4989
[epoch 5] step 17000 train_loss=0.4988
[epoch 5] step 17200 train_loss=0.4988
[epoch 5] step 17400 train_loss=0.4989
[epoch 5] step 17600 train_loss=0.4989
[epoch 5] step 17800 train_loss=0.4988
[epoch 5] step 18000 train_loss=0.4990
[epoch 5] step 18200 train_loss=0.4992
[epoch 5] step 18400 train_loss=0.4992
[epoch 5] step 18600 train_loss=0.4991
[epoch 5] step 18800 train_loss=0.4991
[epoch 5] step 19000 train_loss=0.4989
[epoch 5] step 19200 train_loss=0.4988
[epoch 5] step 19400 train_loss=0.4987
[epoch 5] step 19600 train_loss=0.4986
[epoch 5] step 19621 train_loss=0.4987
[epoch 5] train_loss=0.4987 dev_loss=0.6019 AUC=0.6411 MRR=0.3509 nDCG@5=0.3285 nDCG@10=0.3952 BrierScore=0.2107 Recall@10=0.6564 selection_score=0.1976
[epoch 5] lr=0.00025
early stopping monitor: 3/10 epochs without selection_score improvement > 0.0010
[epoch 6] step 200 train_loss=0.4855
[epoch 6] step 400 train_loss=0.4808
[epoch 6] step 600 train_loss=0.4840
[epoch 6] step 800 train_loss=0.4807
[epoch 6] step 1000 train_loss=0.4765
[epoch 6] step 1200 train_loss=0.4773
[epoch 6] step 1400 train_loss=0.4787
[epoch 6] step 1600 train_loss=0.4789
[epoch 6] step 1800 train_loss=0.4778
[epoch 6] step 2000 train_loss=0.4771
[epoch 6] step 2200 train_loss=0.4790
[epoch 6] step 2400 train_loss=0.4796
[epoch 6] step 2600 train_loss=0.4780
[epoch 6] step 2800 train_loss=0.4786
[epoch 6] step 3000 train_loss=0.4790
[epoch 6] step 3200 train_loss=0.4794
[epoch 6] step 3400 train_loss=0.4794
[epoch 6] step 3600 train_loss=0.4799
[epoch 6] step 3800 train_loss=0.4798
[epoch 6] step 4000 train_loss=0.4801
[epoch 6] step 4200 train_loss=0.4805
[epoch 6] step 4400 train_loss=0.4813
[epoch 6] step 4600 train_loss=0.4810
[epoch 6] step 4800 train_loss=0.4810
[epoch 6] step 5000 train_loss=0.4812
[epoch 6] step 5200 train_loss=0.4809
[epoch 6] step 5400 train_loss=0.4810
[epoch 6] step 5600 train_loss=0.4812
[epoch 6] step 5800 train_loss=0.4810
[epoch 6] step 6000 train_loss=0.4808
[epoch 6] step 6200 train_loss=0.4812
[epoch 6] step 6400 train_loss=0.4811
[epoch 6] step 6600 train_loss=0.4813
[epoch 6] step 6800 train_loss=0.4811
[epoch 6] step 7000 train_loss=0.4809
[epoch 6] step 7200 train_loss=0.4804
[epoch 6] step 7400 train_loss=0.4805
[epoch 6] step 7600 train_loss=0.4809
[epoch 6] step 7800 train_loss=0.4806
[epoch 6] step 8000 train_loss=0.4802
[epoch 6] step 8200 train_loss=0.4797
[epoch 6] step 8400 train_loss=0.4799
[epoch 6] step 8600 train_loss=0.4800
[epoch 6] step 8800 train_loss=0.4798
[epoch 6] step 9000 train_loss=0.4797
[epoch 6] step 9200 train_loss=0.4796
[epoch 6] step 9400 train_loss=0.4797
[epoch 6] step 9600 train_loss=0.4799
[epoch 6] step 9800 train_loss=0.4796
[epoch 6] step 10000 train_loss=0.4792
[epoch 6] step 10200 train_loss=0.4794
[epoch 6] step 10400 train_loss=0.4791
[epoch 6] step 10600 train_loss=0.4791
[epoch 6] step 10800 train_loss=0.4791
[epoch 6] step 11000 train_loss=0.4790
[epoch 6] step 11200 train_loss=0.4793
[epoch 6] step 11400 train_loss=0.4797
[epoch 6] step 11600 train_loss=0.4798
[epoch 6] step 11800 train_loss=0.4797
[epoch 6] step 12000 train_loss=0.4801
[epoch 6] step 12200 train_loss=0.4798
[epoch 6] step 12400 train_loss=0.4798
[epoch 6] step 12600 train_loss=0.4797
[epoch 6] step 12800 train_loss=0.4797
[epoch 6] step 13000 train_loss=0.4798
[epoch 6] step 13200 train_loss=0.4796
[epoch 6] step 13400 train_loss=0.4797
[epoch 6] step 13600 train_loss=0.4797
[epoch 6] step 13800 train_loss=0.4795
[epoch 6] step 14000 train_loss=0.4796
[epoch 6] step 14200 train_loss=0.4795
[epoch 6] step 14400 train_loss=0.4794
[epoch 6] step 14600 train_loss=0.4794
[epoch 6] step 14800 train_loss=0.4796
[epoch 6] step 15000 train_loss=0.4795
[epoch 6] step 15200 train_loss=0.4795
[epoch 6] step 15400 train_loss=0.4795
[epoch 6] step 15600 train_loss=0.4796
[epoch 6] step 15800 train_loss=0.4797
[epoch 6] step 16000 train_loss=0.4798
[epoch 6] step 16200 train_loss=0.4798
[epoch 6] step 16400 train_loss=0.4799
[epoch 6] step 16600 train_loss=0.4798
[epoch 6] step 16800 train_loss=0.4799
[epoch 6] step 17000 train_loss=0.4799
[epoch 6] step 17200 train_loss=0.4801
[epoch 6] step 17400 train_loss=0.4800
[epoch 6] step 17600 train_loss=0.4802
[epoch 6] step 17800 train_loss=0.4802
[epoch 6] step 18000 train_loss=0.4801
[epoch 6] step 18200 train_loss=0.4800
[epoch 6] step 18400 train_loss=0.4799
[epoch 6] step 18600 train_loss=0.4797
[epoch 6] step 18800 train_loss=0.4797
[epoch 6] step 19000 train_loss=0.4799
[epoch 6] step 19200 train_loss=0.4798
[epoch 6] step 19400 train_loss=0.4796
[epoch 6] step 19600 train_loss=0.4795
[epoch 6] step 19621 train_loss=0.4796
[epoch 6] train_loss=0.4796 dev_loss=0.6264 AUC=0.6425 MRR=0.3538 nDCG@5=0.3318 nDCG@10=0.3974 BrierScore=0.2360 Recall@10=0.6570 selection_score=0.1987
[epoch 6] lr=0.00025
early stopping monitor: 4/10 epochs without selection_score improvement > 0.0010
[epoch 7] step 200 train_loss=0.4606
[epoch 7] step 400 train_loss=0.4708
[epoch 7] step 600 train_loss=0.4710
[epoch 7] step 800 train_loss=0.4739
[epoch 7] step 1000 train_loss=0.4708
[epoch 7] step 1200 train_loss=0.4666
[epoch 7] step 1400 train_loss=0.4667
[epoch 7] step 1600 train_loss=0.4669
[epoch 7] step 1800 train_loss=0.4666
[epoch 7] step 2000 train_loss=0.4672
[epoch 7] step 2200 train_loss=0.4681
[epoch 7] step 2400 train_loss=0.4689
[epoch 7] step 2600 train_loss=0.4688
[epoch 7] step 2800 train_loss=0.4690
[epoch 7] step 3000 train_loss=0.4693
[epoch 7] step 3200 train_loss=0.4703
[epoch 7] step 3400 train_loss=0.4700
[epoch 7] step 3600 train_loss=0.4702
[epoch 7] step 3800 train_loss=0.4702
[epoch 7] step 4000 train_loss=0.4690
[epoch 7] step 4200 train_loss=0.4693
[epoch 7] step 4400 train_loss=0.4692
[epoch 7] step 4600 train_loss=0.4707
[epoch 7] step 4800 train_loss=0.4700
[epoch 7] step 5000 train_loss=0.4695
[epoch 7] step 5200 train_loss=0.4697
[epoch 7] step 5400 train_loss=0.4699
[epoch 7] step 5600 train_loss=0.4696
[epoch 7] step 5800 train_loss=0.4697
[epoch 7] step 6000 train_loss=0.4696
[epoch 7] step 6200 train_loss=0.4694
[epoch 7] step 6400 train_loss=0.4699
[epoch 7] step 6600 train_loss=0.4699
[epoch 7] step 6800 train_loss=0.4699
[epoch 7] step 7000 train_loss=0.4701
[epoch 7] step 7200 train_loss=0.4706
[epoch 7] step 7400 train_loss=0.4700
[epoch 7] step 7600 train_loss=0.4701
[epoch 7] step 7800 train_loss=0.4699
[epoch 7] step 8000 train_loss=0.4703
[epoch 7] step 8200 train_loss=0.4701
[epoch 7] step 8400 train_loss=0.4700
[epoch 7] step 8600 train_loss=0.4702
[epoch 7] step 8800 train_loss=0.4702
[epoch 7] step 9000 train_loss=0.4701
[epoch 7] step 9200 train_loss=0.4704
[epoch 7] step 9400 train_loss=0.4705
[epoch 7] step 9600 train_loss=0.4704
[epoch 7] step 9800 train_loss=0.4702
[epoch 7] step 10000 train_loss=0.4702
[epoch 7] step 10200 train_loss=0.4703
[epoch 7] step 10400 train_loss=0.4702
[epoch 7] step 10600 train_loss=0.4702
[epoch 7] step 10800 train_loss=0.4704
[epoch 7] step 11000 train_loss=0.4705
[epoch 7] step 11200 train_loss=0.4706
[epoch 7] step 11400 train_loss=0.4705
[epoch 7] step 11600 train_loss=0.4705
[epoch 7] step 11800 train_loss=0.4704
[epoch 7] step 12000 train_loss=0.4707
[epoch 7] step 12200 train_loss=0.4706
[epoch 7] step 12400 train_loss=0.4705
[epoch 7] step 12600 train_loss=0.4703
[epoch 7] step 12800 train_loss=0.4703
[epoch 7] step 13000 train_loss=0.4702
[epoch 7] step 13200 train_loss=0.4702
[epoch 7] step 13400 train_loss=0.4703
[epoch 7] step 13600 train_loss=0.4703
[epoch 7] step 13800 train_loss=0.4701
[epoch 7] step 14000 train_loss=0.4701
[epoch 7] step 14200 train_loss=0.4701
[epoch 7] step 14400 train_loss=0.4703
[epoch 7] step 14600 train_loss=0.4702
[epoch 7] step 14800 train_loss=0.4704
[epoch 7] step 15000 train_loss=0.4704
[epoch 7] step 15200 train_loss=0.4705
[epoch 7] step 15400 train_loss=0.4706
[epoch 7] step 15600 train_loss=0.4705
[epoch 7] step 15800 train_loss=0.4705
[epoch 7] step 16000 train_loss=0.4705
[epoch 7] step 16200 train_loss=0.4705
[epoch 7] step 16400 train_loss=0.4706
[epoch 7] step 16600 train_loss=0.4706
[epoch 7] step 16800 train_loss=0.4705
[epoch 7] step 17000 train_loss=0.4704
[epoch 7] step 17200 train_loss=0.4706
[epoch 7] step 17400 train_loss=0.4707
[epoch 7] step 17600 train_loss=0.4709
[epoch 7] step 17800 train_loss=0.4709
[epoch 7] step 18000 train_loss=0.4711
[epoch 7] step 18200 train_loss=0.4710
[epoch 7] step 18400 train_loss=0.4711
[epoch 7] step 18600 train_loss=0.4710
[epoch 7] step 18800 train_loss=0.4712
[epoch 7] step 19000 train_loss=0.4713
[epoch 7] step 19200 train_loss=0.4713
[epoch 7] step 19400 train_loss=0.4714
[epoch 7] step 19600 train_loss=0.4714
[epoch 7] step 19621 train_loss=0.4715
[epoch 7] train_loss=0.4715 dev_loss=0.6320 AUC=0.6434 MRR=0.3549 nDCG@5=0.3343 nDCG@10=0.3983 BrierScore=0.2290 Recall@10=0.6553 selection_score=0.1991
[epoch 7] lr=0.000125
early stopping monitor: 5/10 epochs without selection_score improvement > 0.0010
[epoch 8] step 200 train_loss=0.4682
[epoch 8] step 400 train_loss=0.4520
[epoch 8] step 600 train_loss=0.4555
[epoch 8] step 800 train_loss=0.4560
[epoch 8] step 1000 train_loss=0.4575
[epoch 8] step 1200 train_loss=0.4585
[epoch 8] step 1400 train_loss=0.4593
[epoch 8] step 1600 train_loss=0.4609
[epoch 8] step 1800 train_loss=0.4591
[epoch 8] step 2000 train_loss=0.4599
[epoch 8] step 2200 train_loss=0.4601
[epoch 8] step 2400 train_loss=0.4597
[epoch 8] step 2600 train_loss=0.4595
[epoch 8] step 2800 train_loss=0.4592
[epoch 8] step 3000 train_loss=0.4592
[epoch 8] step 3200 train_loss=0.4587
[epoch 8] step 3400 train_loss=0.4594
[epoch 8] step 3600 train_loss=0.4598
[epoch 8] step 3800 train_loss=0.4600
[epoch 8] step 4000 train_loss=0.4592
[epoch 8] step 4200 train_loss=0.4591
[epoch 8] step 4400 train_loss=0.4582
[epoch 8] step 4600 train_loss=0.4586
[epoch 8] step 4800 train_loss=0.4589
[epoch 8] step 5000 train_loss=0.4591
[epoch 8] step 5200 train_loss=0.4591
[epoch 8] step 5400 train_loss=0.4597
[epoch 8] step 5600 train_loss=0.4602
[epoch 8] step 5800 train_loss=0.4599
[epoch 8] step 6000 train_loss=0.4595
[epoch 8] step 6200 train_loss=0.4590
[epoch 8] step 6400 train_loss=0.4586
[epoch 8] step 6600 train_loss=0.4583
[epoch 8] step 6800 train_loss=0.4583
[epoch 8] step 7000 train_loss=0.4577
[epoch 8] step 7200 train_loss=0.4580
[epoch 8] step 7400 train_loss=0.4576
[epoch 8] step 7600 train_loss=0.4575
[epoch 8] step 7800 train_loss=0.4575
[epoch 8] step 8000 train_loss=0.4581
[epoch 8] step 8200 train_loss=0.4582
[epoch 8] step 8400 train_loss=0.4583
[epoch 8] step 8600 train_loss=0.4579
[epoch 8] step 8800 train_loss=0.4575
[epoch 8] step 9000 train_loss=0.4575
[epoch 8] step 9200 train_loss=0.4575
[epoch 8] step 9400 train_loss=0.4575
[epoch 8] step 9600 train_loss=0.4574
[epoch 8] step 9800 train_loss=0.4571
[epoch 8] step 10000 train_loss=0.4572
[epoch 8] step 10200 train_loss=0.4570
[epoch 8] step 10400 train_loss=0.4573
[epoch 8] step 10600 train_loss=0.4575
[epoch 8] step 10800 train_loss=0.4578
[epoch 8] step 11000 train_loss=0.4580
[epoch 8] step 11200 train_loss=0.4580
[epoch 8] step 11400 train_loss=0.4580
[epoch 8] step 11600 train_loss=0.4579
[epoch 8] step 11800 train_loss=0.4581
[epoch 8] step 12000 train_loss=0.4580
[epoch 8] step 12200 train_loss=0.4581
[epoch 8] step 12400 train_loss=0.4583
[epoch 8] step 12600 train_loss=0.4581
[epoch 8] step 12800 train_loss=0.4581
[epoch 8] step 13000 train_loss=0.4583
[epoch 8] step 13200 train_loss=0.4584
[epoch 8] step 13400 train_loss=0.4585
[epoch 8] step 13600 train_loss=0.4583
[epoch 8] step 13800 train_loss=0.4585
[epoch 8] step 14000 train_loss=0.4585
[epoch 8] step 14200 train_loss=0.4587
[epoch 8] step 14400 train_loss=0.4589
[epoch 8] step 14600 train_loss=0.4591
[epoch 8] step 14800 train_loss=0.4591
[epoch 8] step 15000 train_loss=0.4592
[epoch 8] step 15200 train_loss=0.4594
[epoch 8] step 15400 train_loss=0.4592
[epoch 8] step 15600 train_loss=0.4594
[epoch 8] step 15800 train_loss=0.4593
[epoch 8] step 16000 train_loss=0.4594
[epoch 8] step 16200 train_loss=0.4592
[epoch 8] step 16400 train_loss=0.4591
[epoch 8] step 16600 train_loss=0.4591
[epoch 8] step 16800 train_loss=0.4591
[epoch 8] step 17000 train_loss=0.4590
[epoch 8] step 17200 train_loss=0.4589
[epoch 8] step 17400 train_loss=0.4588
[epoch 8] step 17600 train_loss=0.4587
[epoch 8] step 17800 train_loss=0.4588
[epoch 8] step 18000 train_loss=0.4590
[epoch 8] step 18200 train_loss=0.4589
[epoch 8] step 18400 train_loss=0.4589
[epoch 8] step 18600 train_loss=0.4590
[epoch 8] step 18800 train_loss=0.4590
[epoch 8] step 19000 train_loss=0.4589
[epoch 8] step 19200 train_loss=0.4590
[epoch 8] step 19400 train_loss=0.4589
[epoch 8] step 19600 train_loss=0.4592
[epoch 8] step 19621 train_loss=0.4593
[epoch 8] train_loss=0.4593 dev_loss=0.6330 AUC=0.6436 MRR=0.3576 nDCG@5=0.3356 nDCG@10=0.3997 BrierScore=0.2501 Recall@10=0.6553 selection_score=0.1999
[epoch 8] lr=0.000125
saved best checkpoint to outputs/baseline_best.pt
early stopping monitor: 6/10 epochs without selection_score improvement > 0.0010
[epoch 9] step 200 train_loss=0.4409
[epoch 9] step 400 train_loss=0.4371
[epoch 9] step 600 train_loss=0.4469
[epoch 9] step 800 train_loss=0.4478
[epoch 9] step 1000 train_loss=0.4472
[epoch 9] step 1200 train_loss=0.4484
[epoch 9] step 1400 train_loss=0.4478
[epoch 9] step 1600 train_loss=0.4491
[epoch 9] step 1800 train_loss=0.4495
[epoch 9] step 2000 train_loss=0.4492
[epoch 9] step 2200 train_loss=0.4490
[epoch 9] step 2400 train_loss=0.4487
[epoch 9] step 2600 train_loss=0.4489
[epoch 9] step 2800 train_loss=0.4485
[epoch 9] step 3000 train_loss=0.4487
[epoch 9] step 3200 train_loss=0.4480
[epoch 9] step 3400 train_loss=0.4491
[epoch 9] step 3600 train_loss=0.4493
[epoch 9] step 3800 train_loss=0.4495
[epoch 9] step 4000 train_loss=0.4502
[epoch 9] step 4200 train_loss=0.4508
[epoch 9] step 4400 train_loss=0.4510
[epoch 9] step 4600 train_loss=0.4505
[epoch 9] step 4800 train_loss=0.4510
[epoch 9] step 5000 train_loss=0.4512
[epoch 9] step 5200 train_loss=0.4509
[epoch 9] step 5400 train_loss=0.4515
[epoch 9] step 5600 train_loss=0.4513
[epoch 9] step 5800 train_loss=0.4513
[epoch 9] step 6000 train_loss=0.4513
[epoch 9] step 6200 train_loss=0.4513
[epoch 9] step 6400 train_loss=0.4510
[epoch 9] step 6600 train_loss=0.4511
[epoch 9] step 6800 train_loss=0.4511
[epoch 9] step 7000 train_loss=0.4511
[epoch 9] step 7200 train_loss=0.4515
[epoch 9] step 7400 train_loss=0.4513
[epoch 9] step 7600 train_loss=0.4511
[epoch 9] step 7800 train_loss=0.4513
[epoch 9] step 8000 train_loss=0.4512
[epoch 9] step 8200 train_loss=0.4515
[epoch 9] step 8400 train_loss=0.4518
[epoch 9] step 8600 train_loss=0.4520
[epoch 9] step 8800 train_loss=0.4521
[epoch 9] step 9000 train_loss=0.4524
[epoch 9] step 9200 train_loss=0.4527
[epoch 9] step 9400 train_loss=0.4527
[epoch 9] step 9600 train_loss=0.4524
[epoch 9] step 9800 train_loss=0.4526
[epoch 9] step 10000 train_loss=0.4523
[epoch 9] step 10200 train_loss=0.4524
[epoch 9] step 10400 train_loss=0.4526
[epoch 9] step 10600 train_loss=0.4526
[epoch 9] step 10800 train_loss=0.4527
[epoch 9] step 11000 train_loss=0.4530
[epoch 9] step 11200 train_loss=0.4530
[epoch 9] step 11400 train_loss=0.4531
[epoch 9] step 11600 train_loss=0.4531
[epoch 9] step 11800 train_loss=0.4530
[epoch 9] step 12000 train_loss=0.4531
[epoch 9] step 12200 train_loss=0.4530
[epoch 9] step 12400 train_loss=0.4530
[epoch 9] step 12600 train_loss=0.4531
[epoch 9] step 12800 train_loss=0.4532
[epoch 9] step 13000 train_loss=0.4531
[epoch 9] step 13200 train_loss=0.4532
[epoch 9] step 13400 train_loss=0.4531
[epoch 9] step 13600 train_loss=0.4534
[epoch 9] step 13800 train_loss=0.4534
[epoch 9] step 14000 train_loss=0.4535
[epoch 9] step 14200 train_loss=0.4535
[epoch 9] step 14400 train_loss=0.4533
[epoch 9] step 14600 train_loss=0.4534
[epoch 9] step 14800 train_loss=0.4539
[epoch 9] step 15000 train_loss=0.4538
[epoch 9] step 15200 train_loss=0.4539
[epoch 9] step 15400 train_loss=0.4538
[epoch 9] step 15600 train_loss=0.4538
[epoch 9] step 15800 train_loss=0.4537
[epoch 9] step 16000 train_loss=0.4538
[epoch 9] step 16200 train_loss=0.4539
[epoch 9] step 16400 train_loss=0.4539
[epoch 9] step 16600 train_loss=0.4541
[epoch 9] step 16800 train_loss=0.4541
[epoch 9] step 17000 train_loss=0.4542
[epoch 9] step 17200 train_loss=0.4541
[epoch 9] step 17400 train_loss=0.4541
[epoch 9] step 17600 train_loss=0.4542
[epoch 9] step 17800 train_loss=0.4541
[epoch 9] step 18000 train_loss=0.4541
[epoch 9] step 18200 train_loss=0.4542
[epoch 9] step 18400 train_loss=0.4543
[epoch 9] step 18600 train_loss=0.4543
[epoch 9] step 18800 train_loss=0.4544
[epoch 9] step 19000 train_loss=0.4545
[epoch 9] step 19200 train_loss=0.4546
[epoch 9] step 19400 train_loss=0.4546
[epoch 9] step 19600 train_loss=0.4545
[epoch 9] step 19621 train_loss=0.4545
[epoch 9] train_loss=0.4545 dev_loss=0.6503 AUC=0.6452 MRR=0.3566 nDCG@5=0.3353 nDCG@10=0.3999 BrierScore=0.2446 Recall@10=0.6575 selection_score=0.1999
[epoch 9] lr=6.25e-05
saved best checkpoint to outputs/baseline_best.pt
early stopping monitor: 7/10 epochs without selection_score improvement > 0.0010
[epoch 10] step 200 train_loss=0.4602
[epoch 10] step 400 train_loss=0.4563
[epoch 10] step 600 train_loss=0.4536
[epoch 10] step 800 train_loss=0.4558
[epoch 10] step 1000 train_loss=0.4553
[epoch 10] step 1200 train_loss=0.4527
[epoch 10] step 1400 train_loss=0.4514
[epoch 10] step 1600 train_loss=0.4511
[epoch 10] step 1800 train_loss=0.4512
[epoch 10] step 2000 train_loss=0.4506
[epoch 10] step 2200 train_loss=0.4499
[epoch 10] step 2400 train_loss=0.4504
[epoch 10] step 2600 train_loss=0.4508
[epoch 10] step 2800 train_loss=0.4492
[epoch 10] step 3000 train_loss=0.4484
[epoch 10] step 3200 train_loss=0.4487
[epoch 10] step 3400 train_loss=0.4493
[epoch 10] step 3600 train_loss=0.4489
[epoch 10] step 3800 train_loss=0.4478
[epoch 10] step 4000 train_loss=0.4481
[epoch 10] step 4200 train_loss=0.4478
[epoch 10] step 4400 train_loss=0.4482
[epoch 10] step 4600 train_loss=0.4476
[epoch 10] step 4800 train_loss=0.4473
[epoch 10] step 5000 train_loss=0.4475
[epoch 10] step 5200 train_loss=0.4474
[epoch 10] step 5400 train_loss=0.4473
[epoch 10] step 5600 train_loss=0.4472
[epoch 10] step 5800 train_loss=0.4469
[epoch 10] step 6000 train_loss=0.4466
[epoch 10] step 6200 train_loss=0.4465
[epoch 10] step 6400 train_loss=0.4463
[epoch 10] step 6600 train_loss=0.4462
[epoch 10] step 6800 train_loss=0.4457
[epoch 10] step 7000 train_loss=0.4456
[epoch 10] step 7200 train_loss=0.4456
[epoch 10] step 7400 train_loss=0.4459
[epoch 10] step 7600 train_loss=0.4463
[epoch 10] step 7800 train_loss=0.4467
[epoch 10] step 8000 train_loss=0.4468
[epoch 10] step 8200 train_loss=0.4471
[epoch 10] step 8400 train_loss=0.4470
[epoch 10] step 8600 train_loss=0.4468
[epoch 10] step 8800 train_loss=0.4473
[epoch 10] step 9000 train_loss=0.4473
[epoch 10] step 9200 train_loss=0.4472
[epoch 10] step 9400 train_loss=0.4472
[epoch 10] step 9600 train_loss=0.4474
[epoch 10] step 9800 train_loss=0.4471
[epoch 10] step 10000 train_loss=0.4472
[epoch 10] step 10200 train_loss=0.4472
[epoch 10] step 10400 train_loss=0.4477
[epoch 10] step 10600 train_loss=0.4478
[epoch 10] step 10800 train_loss=0.4477
[epoch 10] step 11000 train_loss=0.4480
[epoch 10] step 11200 train_loss=0.4479
[epoch 10] step 11400 train_loss=0.4480
[epoch 10] step 11600 train_loss=0.4484
[epoch 10] step 11800 train_loss=0.4486
[epoch 10] step 12000 train_loss=0.4486
[epoch 10] step 12200 train_loss=0.4483
[epoch 10] step 12400 train_loss=0.4485
[epoch 10] step 12600 train_loss=0.4481
[epoch 10] step 12800 train_loss=0.4481
[epoch 10] step 13000 train_loss=0.4478
[epoch 10] step 13200 train_loss=0.4479
[epoch 10] step 13400 train_loss=0.4480
[epoch 10] step 13600 train_loss=0.4480
[epoch 10] step 13800 train_loss=0.4480
[epoch 10] step 14000 train_loss=0.4479
[epoch 10] step 14200 train_loss=0.4478
[epoch 10] step 14400 train_loss=0.4476
[epoch 10] step 14600 train_loss=0.4476
[epoch 10] step 14800 train_loss=0.4476
[epoch 10] step 15000 train_loss=0.4477
[epoch 10] step 15200 train_loss=0.4479
[epoch 10] step 15400 train_loss=0.4477
[epoch 10] step 15600 train_loss=0.4477
[epoch 10] step 15800 train_loss=0.4477
[epoch 10] step 16000 train_loss=0.4478
[epoch 10] step 16200 train_loss=0.4480
[epoch 10] step 16400 train_loss=0.4478
[epoch 10] step 16600 train_loss=0.4480
[epoch 10] step 16800 train_loss=0.4479
[epoch 10] step 17000 train_loss=0.4478
[epoch 10] step 17200 train_loss=0.4477
[epoch 10] step 17400 train_loss=0.4478
[epoch 10] step 17600 train_loss=0.4477
[epoch 10] step 17800 train_loss=0.4478
[epoch 10] step 18000 train_loss=0.4477
[epoch 10] step 18200 train_loss=0.4480
[epoch 10] step 18400 train_loss=0.4479
[epoch 10] step 18600 train_loss=0.4479
[epoch 10] step 18800 train_loss=0.4479
[epoch 10] step 19000 train_loss=0.4478
[epoch 10] step 19200 train_loss=0.4479
[epoch 10] step 19400 train_loss=0.4479
[epoch 10] step 19600 train_loss=0.4480
[epoch 10] step 19621 train_loss=0.4480
[epoch 10] train_loss=0.4480 dev_loss=0.6447 AUC=0.6431 MRR=0.3548 nDCG@5=0.3336 nDCG@10=0.3975 BrierScore=0.2277 Recall@10=0.6537 selection_score=0.1987
[epoch 10] lr=6.25e-05
early stopping monitor: 8/10 epochs without selection_score improvement > 0.0010
[epoch 11] step 200 train_loss=0.4557
[epoch 11] step 400 train_loss=0.4509
[epoch 11] step 600 train_loss=0.4480
[epoch 11] step 800 train_loss=0.4476
[epoch 11] step 1000 train_loss=0.4497
[epoch 11] step 1200 train_loss=0.4465
[epoch 11] step 1400 train_loss=0.4461
[epoch 11] step 1600 train_loss=0.4449
[epoch 11] step 1800 train_loss=0.4444
[epoch 11] step 2000 train_loss=0.4444
[epoch 11] step 2200 train_loss=0.4425
[epoch 11] step 2400 train_loss=0.4424
[epoch 11] step 2600 train_loss=0.4414
[epoch 11] step 2800 train_loss=0.4411
[epoch 11] step 3000 train_loss=0.4420
[epoch 11] step 3200 train_loss=0.4417
[epoch 11] step 3400 train_loss=0.4410
[epoch 11] step 3600 train_loss=0.4395
[epoch 11] step 3800 train_loss=0.4387
[epoch 11] step 4000 train_loss=0.4392
[epoch 11] step 4200 train_loss=0.4401
[epoch 11] step 4400 train_loss=0.4407
[epoch 11] step 4600 train_loss=0.4404
[epoch 11] step 4800 train_loss=0.4406
[epoch 11] step 5000 train_loss=0.4403
[epoch 11] step 5200 train_loss=0.4412
[epoch 11] step 5400 train_loss=0.4417
[epoch 11] step 5600 train_loss=0.4420
[epoch 11] step 5800 train_loss=0.4426
[epoch 11] step 6000 train_loss=0.4426
[epoch 11] step 6200 train_loss=0.4429
[epoch 11] step 6400 train_loss=0.4427
[epoch 11] step 6600 train_loss=0.4422
[epoch 11] step 6800 train_loss=0.4425
[epoch 11] step 7000 train_loss=0.4427
[epoch 11] step 7200 train_loss=0.4426
[epoch 11] step 7400 train_loss=0.4429
[epoch 11] step 7600 train_loss=0.4428
[epoch 11] step 7800 train_loss=0.4437
[epoch 11] step 8000 train_loss=0.4437
[epoch 11] step 8200 train_loss=0.4438
[epoch 11] step 8400 train_loss=0.4437
[epoch 11] step 8600 train_loss=0.4441
[epoch 11] step 8800 train_loss=0.4442
[epoch 11] step 9000 train_loss=0.4440
[epoch 11] step 9200 train_loss=0.4444
[epoch 11] step 9400 train_loss=0.4445
[epoch 11] step 9600 train_loss=0.4446
[epoch 11] step 9800 train_loss=0.4445
[epoch 11] step 10000 train_loss=0.4443
[epoch 11] step 10200 train_loss=0.4443
[epoch 11] step 10400 train_loss=0.4442
[epoch 11] step 10600 train_loss=0.4443
[epoch 11] step 10800 train_loss=0.4440
[epoch 11] step 11000 train_loss=0.4440
[epoch 11] step 11200 train_loss=0.4438
[epoch 11] step 11400 train_loss=0.4438
[epoch 11] step 11600 train_loss=0.4438
[epoch 11] step 11800 train_loss=0.4441
[epoch 11] step 12000 train_loss=0.4438
[epoch 11] step 12200 train_loss=0.4442
[epoch 11] step 12400 train_loss=0.4444
[epoch 11] step 12600 train_loss=0.4443
[epoch 11] step 12800 train_loss=0.4442
[epoch 11] step 13000 train_loss=0.4442
[epoch 11] step 13200 train_loss=0.4441
[epoch 11] step 13400 train_loss=0.4440
[epoch 11] step 13600 train_loss=0.4440
[epoch 11] step 13800 train_loss=0.4440
[epoch 11] step 14000 train_loss=0.4438
[epoch 11] step 14200 train_loss=0.4438
[epoch 11] step 14400 train_loss=0.4437
[epoch 11] step 14600 train_loss=0.4438
[epoch 11] step 14800 train_loss=0.4438
[epoch 11] step 15000 train_loss=0.4439
[epoch 11] step 15200 train_loss=0.4439
[epoch 11] step 15400 train_loss=0.4439
[epoch 11] step 15600 train_loss=0.4439
[epoch 11] step 15800 train_loss=0.4440
[epoch 11] step 16000 train_loss=0.4440
[epoch 11] step 16200 train_loss=0.4442
[epoch 11] step 16400 train_loss=0.4443
[epoch 11] step 16600 train_loss=0.4443
[epoch 11] step 16800 train_loss=0.4444
[epoch 11] step 17000 train_loss=0.4445
[epoch 11] step 17200 train_loss=0.4444
[epoch 11] step 17400 train_loss=0.4446
[epoch 11] step 17600 train_loss=0.4446
[epoch 11] step 17800 train_loss=0.4445
[epoch 11] step 18000 train_loss=0.4447
[epoch 11] step 18200 train_loss=0.4447
[epoch 11] step 18400 train_loss=0.4447
[epoch 11] step 18600 train_loss=0.4446
[epoch 11] step 18800 train_loss=0.4446
[epoch 11] step 19000 train_loss=0.4445
[epoch 11] step 19200 train_loss=0.4445
[epoch 11] step 19400 train_loss=0.4445
[epoch 11] step 19600 train_loss=0.4445
[epoch 11] step 19621 train_loss=0.4446
[epoch 11] train_loss=0.4446 dev_loss=0.6496 AUC=0.6413 MRR=0.3534 nDCG@5=0.3318 nDCG@10=0.3959 BrierScore=0.2324 Recall@10=0.6523 selection_score=0.1979
[epoch 11] lr=3.125e-05
early stopping monitor: 9/10 epochs without selection_score improvement > 0.0010
[epoch 12] step 200 train_loss=0.4398
[epoch 12] step 400 train_loss=0.4298
[epoch 12] step 600 train_loss=0.4333
[epoch 12] step 800 train_loss=0.4345
[epoch 12] step 1000 train_loss=0.4385
[epoch 12] step 1200 train_loss=0.4390
[epoch 12] step 1400 train_loss=0.4402
[epoch 12] step 1600 train_loss=0.4383
[epoch 12] step 1800 train_loss=0.4383
[epoch 12] step 2000 train_loss=0.4398
[epoch 12] step 2200 train_loss=0.4397
[epoch 12] step 2400 train_loss=0.4384
[epoch 12] step 2600 train_loss=0.4381
[epoch 12] step 2800 train_loss=0.4379
[epoch 12] step 3000 train_loss=0.4387
[epoch 12] step 3200 train_loss=0.4389
[epoch 12] step 3400 train_loss=0.4389
[epoch 12] step 3600 train_loss=0.4380
[epoch 12] step 3800 train_loss=0.4378
[epoch 12] step 4000 train_loss=0.4383
[epoch 12] step 4200 train_loss=0.4375
[epoch 12] step 4400 train_loss=0.4373
[epoch 12] step 4600 train_loss=0.4375
[epoch 12] step 4800 train_loss=0.4370
[epoch 12] step 5000 train_loss=0.4370
[epoch 12] step 5200 train_loss=0.4372
[epoch 12] step 5400 train_loss=0.4373
[epoch 12] step 5600 train_loss=0.4375
[epoch 12] step 5800 train_loss=0.4379
[epoch 12] step 6000 train_loss=0.4378
[epoch 12] step 6200 train_loss=0.4379
[epoch 12] step 6400 train_loss=0.4377
[epoch 12] step 6600 train_loss=0.4379
[epoch 12] step 6800 train_loss=0.4384
[epoch 12] step 7000 train_loss=0.4382
[epoch 12] step 7200 train_loss=0.4386
[epoch 12] step 7400 train_loss=0.4382
[epoch 12] step 7600 train_loss=0.4381
[epoch 12] step 7800 train_loss=0.4383
[epoch 12] step 8000 train_loss=0.4388
[epoch 12] step 8200 train_loss=0.4394
[epoch 12] step 8400 train_loss=0.4397
[epoch 12] step 8600 train_loss=0.4397
[epoch 12] step 8800 train_loss=0.4399
[epoch 12] step 9000 train_loss=0.4400
[epoch 12] step 9200 train_loss=0.4396
[epoch 12] step 9400 train_loss=0.4400
[epoch 12] step 9600 train_loss=0.4402
[epoch 12] step 9800 train_loss=0.4404
[epoch 12] step 10000 train_loss=0.4406
[epoch 12] step 10200 train_loss=0.4407
[epoch 12] step 10400 train_loss=0.4408
[epoch 12] step 10600 train_loss=0.4408
[epoch 12] step 10800 train_loss=0.4408
[epoch 12] step 11000 train_loss=0.4407
[epoch 12] step 11200 train_loss=0.4407
[epoch 12] step 11400 train_loss=0.4406
[epoch 12] step 11600 train_loss=0.4406
[epoch 12] step 11800 train_loss=0.4408
[epoch 12] step 12000 train_loss=0.4407
[epoch 12] step 12200 train_loss=0.4406
[epoch 12] step 12400 train_loss=0.4406
[epoch 12] step 12600 train_loss=0.4407
[epoch 12] step 12800 train_loss=0.4407
[epoch 12] step 13000 train_loss=0.4410
[epoch 12] step 13200 train_loss=0.4408
[epoch 12] step 13400 train_loss=0.4408
[epoch 12] step 13600 train_loss=0.4410
[epoch 12] step 13800 train_loss=0.4410
[epoch 12] step 14000 train_loss=0.4409
[epoch 12] step 14200 train_loss=0.4410
[epoch 12] step 14400 train_loss=0.4409
[epoch 12] step 14600 train_loss=0.4409
[epoch 12] step 14800 train_loss=0.4408
[epoch 12] step 15000 train_loss=0.4408
[epoch 12] step 15200 train_loss=0.4409
[epoch 12] step 15400 train_loss=0.4407
[epoch 12] step 15600 train_loss=0.4408
[epoch 12] step 15800 train_loss=0.4409
[epoch 12] step 16000 train_loss=0.4409
[epoch 12] step 16200 train_loss=0.4407
[epoch 12] step 16400 train_loss=0.4407
[epoch 12] step 16600 train_loss=0.4407
[epoch 12] step 16800 train_loss=0.4408
[epoch 12] step 17000 train_loss=0.4408
[epoch 12] step 17200 train_loss=0.4409
[epoch 12] step 17400 train_loss=0.4410
[epoch 12] step 17600 train_loss=0.4410
[epoch 12] step 17800 train_loss=0.4409
[epoch 12] step 18000 train_loss=0.4409
[epoch 12] step 18200 train_loss=0.4408
[epoch 12] step 18400 train_loss=0.4410
[epoch 12] step 18600 train_loss=0.4410
[epoch 12] step 18800 train_loss=0.4408
[epoch 12] step 19000 train_loss=0.4409
[epoch 12] step 19200 train_loss=0.4410
[epoch 12] step 19400 train_loss=0.4409
[epoch 12] step 19600 train_loss=0.4409
[epoch 12] step 19621 train_loss=0.4409
[epoch 12] train_loss=0.4409 dev_loss=0.6577 AUC=0.6426 MRR=0.3544 nDCG@5=0.3326 nDCG@10=0.3970 BrierScore=0.2363 Recall@10=0.6537 selection_score=0.1985
[epoch 12] lr=3.125e-05
early stopping monitor: 10/10 epochs without selection_score improvement > 0.0010
early stopping triggered: selection_score did not improve by more than 0.0010 for 10 consecutive epochs.
wandb: [wandb.login()] Loaded credentials for https://api.wandb.ai from /Users/lixiang/.netrc.
wandb: Currently logged in as: 15661383504 (15661383504-jd) to https://api.wandb.ai. Use `wandb login --relogin` to force relogin
wandb: setting up run 4tjzop9m
wandb: Tracking run with wandb version 0.25.1
wandb: Run data is saved locally in outputs/wandb/wandb/run-20260404_235449-4tjzop9m
wandb: Run `wandb offline` to turn off syncing.
wandb: Syncing run pairwise-balanced-0404-2354
wandb: ⭐️ View project at https://wandb.ai/15661383504-jd/mind
wandb: 🚀 View run at https://wandb.ai/15661383504-jd/mind/runs/4tjzop9m
wandb: updating run metadata
wandb: uploading output.log; uploading wandb-summary.json; uploading config.yaml
wandb: uploading wandb-summary.json; uploading config.yaml
wandb: uploading data
wandb: 
wandb: Run history:
wandb: epoch/best_selection_score ▁▁▁▁▁▁▁▇████
wandb:    epoch/calibration_score ▁▁▁▁▁▁▁▁▁▁▁▁
wandb:              epoch/dev_AUC ▃▁▇█▁▃▅▅█▄▁▄
wandb:         epoch/dev_BrierRef ▁▁▁▁▁▁▁▁▁▁▁▁
wandb:       epoch/dev_BrierScore ▅▁▄▄▄▇▆█▇▆▆▇
wandb:        epoch/dev_GlobalCTR ▁▁▁▁▁▁▁▁▁▁▁▁
wandb:              epoch/dev_MRR ▆▁▅▄▃▅▆█▇▆▅▆
wandb:        epoch/dev_Recall@10 ▃▃▅█▆▇▅▅█▃▁▃
wandb:             epoch/dev_loss ▂▂▁▂▂▅▅▅▇▇▇█
wandb:          epoch/dev_nDCG@10 ▇▁▅▅▃▅▆██▅▄▅
wandb:                        +14 ...
wandb: 
wandb: Run summary:
wandb:       best/checkpoint_path outputs/baseline_bes...
wandb:        best/dev_BrierScore 0.24457
wandb:         best/dev_Recall@10 0.65753
wandb:           best/dev_nDCG@10 0.39987
wandb:                 best/epoch 9
wandb:       best/selection_score 0.19994
wandb:            checkpoint_path outputs/baseline_bes...
wandb: epoch/best_selection_score 0.19994
wandb:    epoch/calibration_score 0
wandb:              epoch/dev_AUC 0.64262
wandb:                        +33 ...
wandb: 
wandb: 🚀 View run pairwise-balanced-0404-2354 at: https://wandb.ai/15661383504-jd/mind/runs/4tjzop9m
wandb: ⭐️ View project at: https://wandb.ai/15661383504-jd/mind
wandb: Synced 5 W&B file(s), 0 media file(s), 0 artifact file(s) and 0 other file(s)
wandb: Find logs at: outputs/wandb/wandb/run-20260404_235449-4tjzop9m/logs


